#
# There is insufficient memory for the Java Runtime Environment to continue.
# Native memory allocation (mmap) failed to map 88080384 bytes for G1 virtual space
# Possible reasons:
#   The system is out of physical RAM or swap space
#   The process is running with CompressedOops enabled, and the Java Heap may be blocking the growth of the native heap
# Possible solutions:
#   Reduce memory load on the system
#   Increase physical memory or swap space
#   Check if swap backing store is full
#   Decrease Java heap size (-Xmx/-Xms)
#   Decrease number of Java threads
#   Decrease Java thread stack sizes (-Xss)
#   Set larger code cache with -XX:ReservedCodeCacheSize=
#   JVM is running with Unscaled Compressed Oops mode in which the Java heap is
#     placed in the first 4GB address space. The Java Heap base address is the
#     maximum limit for the native heap growth. Please use -XX:HeapBaseMinAddress
#     to set the Java Heap base and to place the Java Heap above 4GB virtual address.
# This output file may be truncated or incomplete.
#
#  Out of Memory Error (os_windows.cpp:3769), pid=2500, tid=13112
#
# JRE version: OpenJDK Runtime Environment (17.0.6) (build 17.0.6+0-b2043.56-10027231)
# Java VM: OpenJDK 64-Bit Server VM (17.0.6+0-b2043.56-10027231, mixed mode, tiered, compressed oops, compressed class ptrs, g1 gc, windows-amd64)
# No core dump will be written. Minidumps are not enabled by default on client versions of Windows
#

---------------  S U M M A R Y ------------

Command Line: --add-opens=java.base/java.util=ALL-UNNAMED --add-opens=java.base/java.lang=ALL-UNNAMED --add-opens=java.base/java.lang.invoke=ALL-UNNAMED --add-opens=java.prefs/java.util.prefs=ALL-UNNAMED --add-opens=java.base/java.nio.charset=ALL-UNNAMED --add-opens=java.base/java.net=ALL-UNNAMED --add-opens=java.base/java.util.concurrent.atomic=ALL-UNNAMED -Xmx2048m -Dfile.encoding=UTF-8 -Duser.country=US -Duser.language=en -Duser.variant org.gradle.launcher.daemon.bootstrap.GradleDaemon 8.0

Host: AMD Ryzen 5 3600 6-Core Processor              , 12 cores, 15G,  Windows 11 , 64 bit Build 22621 (10.0.22621.2070)
Time: Tue Aug 29 11:41:39 2023 GTB Daylight Time elapsed time: 12.024702 seconds (0d 0h 0m 12s)

---------------  T H R E A D  ---------------

Current thread (0x00000175a3872900):  VMThread "VM Thread" [stack: 0x00000032d8500000,0x00000032d8600000] [id=13112]

Stack: [0x00000032d8500000,0x00000032d8600000]
Native frames: (J=compiled Java code, j=interpreted, Vv=VM code, C=native code)
V  [jvm.dll+0x683c9a]
V  [jvm.dll+0x8427a4]
V  [jvm.dll+0x843f9e]
V  [jvm.dll+0x844603]
V  [jvm.dll+0x249b75]
V  [jvm.dll+0x680b69]
V  [jvm.dll+0x67505a]
V  [jvm.dll+0x309acb]
V  [jvm.dll+0x310f86]
V  [jvm.dll+0x3608ee]
V  [jvm.dll+0x360b1f]
V  [jvm.dll+0x2dfbf8]
V  [jvm.dll+0x2ddec4]
V  [jvm.dll+0x2dd4cc]
V  [jvm.dll+0x321f3b]
V  [jvm.dll+0x848ccb]
V  [jvm.dll+0x849a04]
V  [jvm.dll+0x849f1d]
V  [jvm.dll+0x84a2f4]
V  [jvm.dll+0x84a3c0]
V  [jvm.dll+0x7f274a]
V  [jvm.dll+0x682ad5]
C  [ucrtbase.dll+0x29363]
C  [KERNEL32.DLL+0x126ad]
C  [ntdll.dll+0x5aa68]

VM_Operation (0x00000032dfbfad50): G1CollectForAllocation, mode: safepoint, requested by thread 0x00000175a3d801a0


---------------  P R O C E S S  ---------------

Threads class SMR info:
_java_thread_list=0x00000175ada74280, length=184, elements={
0x0000017588babd80, 0x00000175a3899270, 0x00000175a389cc40, 0x00000175a38be3b0,
0x00000175a38c0d70, 0x00000175a38c1d30, 0x00000175a38c26e0, 0x00000175a38c37d0,
0x00000175a38cf6d0, 0x00000175a38d0fe0, 0x00000175a3a3e680, 0x00000175a3a3eb50,
0x00000175a490ae90, 0x00000175a64004e0, 0x00000175a7322390, 0x00000175a5c46550,
0x00000175a6b00c20, 0x00000175a6b22980, 0x00000175a6b22e50, 0x00000175a6b21640,
0x00000175a6b21b10, 0x00000175a6b21fe0, 0x00000175a6b224b0, 0x00000175a65f3fa0,
0x00000175a65f1920, 0x00000175a65f8ca0, 0x00000175a65f9170, 0x00000175a65f1df0,
0x00000175a65f7960, 0x00000175a65f2790, 0x00000175a65f4470, 0x00000175a65f4e10,
0x00000175a65f52e0, 0x00000175a65f6150, 0x00000175a65f6af0, 0x00000175a65f8300,
0x00000175a65f5c80, 0x00000175a65f2c60, 0x00000175a65f6620, 0x00000175a65f7490,
0x00000175ab041790, 0x00000175ab0447b0, 0x00000175ab040df0, 0x00000175ab046490,
0x00000175ab042600, 0x00000175ab042ad0, 0x00000175ab047300, 0x00000175ab042fa0,
0x00000175ab043e10, 0x00000175ab040920, 0x00000175ab043470, 0x00000175ab044c80,
0x00000175ab047ca0, 0x00000175ab0412c0, 0x00000175ab041c60, 0x00000175ab046960,
0x00000175ab0477d0, 0x00000175ab045150, 0x00000175ab045af0, 0x00000175ab045fc0,
0x00000175ab045620, 0x00000175ab046e30, 0x00000175ab040450, 0x00000175ab042130,
0x00000175ab043940, 0x00000175ab0442e0, 0x00000175a4b6af80, 0x00000175a4b67f60,
0x00000175a4b66c20, 0x00000175a4b67a90, 0x00000175a4b68430, 0x00000175a4b69c40,
0x00000175a4b66280, 0x00000175a4b68dd0, 0x00000175a4b69770, 0x00000175a4b66750,
0x00000175a4b6aab0, 0x00000175a4b68900, 0x00000175a4b65db0, 0x00000175a4b670f0,
0x00000175a4b6b450, 0x00000175a4b692a0, 0x00000175a4b6a110, 0x00000175a4b6a5e0,
0x00000175a4b64f40, 0x00000175a4b63c00, 0x00000175a4b65410, 0x00000175a4b675c0,
0x00000175a4b640d0, 0x00000175a4b645a0, 0x00000175a4b64a70, 0x00000175a4b658e0,
0x00000175a3d81e80, 0x00000175a3d7db20, 0x00000175a3d82820, 0x00000175a3d7d180,
0x00000175a3d7f800, 0x00000175a3d82350, 0x00000175a3d82cf0, 0x00000175a3d7ee60,
0x00000175a3d7d650, 0x00000175a3d7fcd0, 0x00000175a3d84030, 0x00000175a3d801a0,
0x00000175a3d7dff0, 0x00000175a3d7e990, 0x00000175a3d7f330, 0x00000175a3d819b0,
0x00000175a3d80670, 0x00000175a3d83690, 0x00000175a3d80b40, 0x00000175a3d81010,
0x00000175a3d7e4c0, 0x00000175a3d814e0, 0x00000175a3d831c0, 0x00000175a3d83b60,
0x00000175a3d7c7e0, 0x00000175a3d7ccb0, 0x00000175a736a3b0, 0x00000175a7369070,
0x00000175a736a880, 0x00000175a7367860, 0x00000175a736ad50, 0x00000175a7369540,
0x00000175a736b220, 0x00000175a736ca30, 0x00000175a736c090, 0x00000175a7366520,
0x00000175a736b6f0, 0x00000175a7367d30, 0x00000175a7368ba0, 0x00000175a7368200,
0x00000175a736bbc0, 0x00000175a7369ee0, 0x00000175a73686d0, 0x00000175a7369a10,
0x00000175a736c560, 0x00000175a73651e0, 0x00000175a73656b0, 0x00000175a7365b80,
0x00000175a7366050, 0x00000175a7366ec0, 0x00000175a73669f0, 0x00000175a7367390,
0x00000175a8d72f80, 0x00000175a8d74790, 0x00000175a8d76940, 0x00000175a8d70dd0,
0x00000175a8d76e10, 0x00000175a8d725e0, 0x00000175a8d772e0, 0x00000175a8d712a0,
0x00000175a8d75ad0, 0x00000175a8d72ab0, 0x00000175a8d75130, 0x00000175a8d6ff60,
0x00000175a8d777b0, 0x00000175a8d75fa0, 0x00000175a8d71770, 0x00000175a8d71c40,
0x00000175a8d76470, 0x00000175a8d72110, 0x00000175a8d70430, 0x00000175a8d73450,
0x00000175a8d70900, 0x00000175a8d74c60, 0x00000175a8d75600, 0x00000175a8d73920,
0x00000175a8d73df0, 0x00000175adf34510, 0x00000175adf319c0, 0x00000175adf31e90,
0x00000175adf33b70, 0x00000175adf2f810, 0x00000175adf31020, 0x00000175adf2f340,
0x00000175adf366c0, 0x00000175adf36b90, 0x00000175adf32360, 0x00000175adf349e0,
0x00000175adf361f0, 0x00000175adf32830, 0x00000175ae9b80d0, 0x00000175a737ca30
}

Java Threads: ( => current thread )
  0x0000017588babd80 JavaThread "main" [_thread_blocked, id=14712, stack(0x00000032d7f00000,0x00000032d8000000)]
  0x00000175a3899270 JavaThread "Reference Handler" daemon [_thread_blocked, id=10032, stack(0x00000032d8600000,0x00000032d8700000)]
  0x00000175a389cc40 JavaThread "Finalizer" daemon [_thread_blocked, id=15020, stack(0x00000032d8700000,0x00000032d8800000)]
  0x00000175a38be3b0 JavaThread "Signal Dispatcher" daemon [_thread_blocked, id=11304, stack(0x00000032d8800000,0x00000032d8900000)]
  0x00000175a38c0d70 JavaThread "Attach Listener" daemon [_thread_blocked, id=6464, stack(0x00000032d8900000,0x00000032d8a00000)]
  0x00000175a38c1d30 JavaThread "Service Thread" daemon [_thread_blocked, id=9840, stack(0x00000032d8a00000,0x00000032d8b00000)]
  0x00000175a38c26e0 JavaThread "Monitor Deflation Thread" daemon [_thread_blocked, id=4032, stack(0x00000032d8b00000,0x00000032d8c00000)]
  0x00000175a38c37d0 JavaThread "C2 CompilerThread0" daemon [_thread_blocked, id=12416, stack(0x00000032d8c00000,0x00000032d8d00000)]
  0x00000175a38cf6d0 JavaThread "C1 CompilerThread0" daemon [_thread_blocked, id=3092, stack(0x00000032d8d00000,0x00000032d8e00000)]
  0x00000175a38d0fe0 JavaThread "Sweeper thread" daemon [_thread_blocked, id=10400, stack(0x00000032d8e00000,0x00000032d8f00000)]
  0x00000175a3a3e680 JavaThread "Common-Cleaner" daemon [_thread_blocked, id=14468, stack(0x00000032d8f00000,0x00000032d9000000)]
  0x00000175a3a3eb50 JavaThread "Notification Thread" daemon [_thread_blocked, id=12160, stack(0x00000032d9000000,0x00000032d9100000)]
  0x00000175a490ae90 JavaThread "Daemon health stats" [_thread_blocked, id=14292, stack(0x00000032d9900000,0x00000032d9a00000)]
  0x00000175a64004e0 JavaThread "Incoming local TCP Connector on port 63828" [_thread_in_native, id=2708, stack(0x00000032d9a00000,0x00000032d9b00000)]
  0x00000175a7322390 JavaThread "Daemon periodic checks" [_thread_blocked, id=10648, stack(0x00000032d9b00000,0x00000032d9c00000)]
  0x00000175a5c46550 JavaThread "Daemon" [_thread_blocked, id=13500, stack(0x00000032d9c00000,0x00000032d9d00000)]
  0x00000175a6b00c20 JavaThread "Handler for socket connection from /127.0.0.1:63828 to /127.0.0.1:63829" [_thread_in_native, id=1528, stack(0x00000032d9d00000,0x00000032d9e00000)]
  0x00000175a6b22980 JavaThread "Cancel handler" [_thread_blocked, id=10336, stack(0x00000032d9e00000,0x00000032d9f00000)]
  0x00000175a6b22e50 JavaThread "Daemon worker" [_thread_blocked, id=2576, stack(0x00000032d9f00000,0x00000032da000000)]
  0x00000175a6b21640 JavaThread "Asynchronous log dispatcher for DefaultDaemonConnection: socket connection from /127.0.0.1:63828 to /127.0.0.1:63829" [_thread_blocked, id=2620, stack(0x00000032da000000,0x00000032da100000)]
  0x00000175a6b21b10 JavaThread "Stdin handler" [_thread_blocked, id=10092, stack(0x00000032da100000,0x00000032da200000)]
  0x00000175a6b21fe0 JavaThread "Daemon client event forwarder" [_thread_blocked, id=10572, stack(0x00000032da200000,0x00000032da300000)]
  0x00000175a6b224b0 JavaThread "Cache worker for journal cache (C:\Users\Admin\.gradle\caches\journal-1)" [_thread_blocked, id=7104, stack(0x00000032da900000,0x00000032daa00000)]
  0x00000175a65f3fa0 JavaThread "File lock request listener" [_thread_in_native, id=3652, stack(0x00000032daa00000,0x00000032dab00000)]
  0x00000175a65f1920 JavaThread "Cache worker for file hash cache (C:\Users\Admin\.gradle\caches\8.0\fileHashes)" [_thread_blocked, id=10540, stack(0x00000032dab00000,0x00000032dac00000)]
  0x00000175a65f8ca0 JavaThread "File watcher server" daemon [_thread_blocked, id=10100, stack(0x00000032dac00000,0x00000032dad00000)]
  0x00000175a65f9170 JavaThread "File watcher consumer" daemon [_thread_blocked, id=7204, stack(0x00000032dad00000,0x00000032dae00000)]
  0x00000175a65f1df0 JavaThread "Cache worker for checksums cache (C:\Users\Admin\Documents\AndroidStudioProjects\GuessThePattern\.gradle\8.0\checksums)" [_thread_blocked, id=7144, stack(0x00000032dae00000,0x00000032daf00000)]
  0x00000175a65f7960 JavaThread "Cache worker for cache directory md-rule (C:\Users\Admin\.gradle\caches\8.0\md-rule)" [_thread_blocked, id=10268, stack(0x00000032daf00000,0x00000032db000000)]
  0x00000175a65f2790 JavaThread "Cache worker for file content cache (C:\Users\Admin\.gradle\caches\8.0\fileContent)" [_thread_blocked, id=12292, stack(0x00000032db000000,0x00000032db100000)]
  0x00000175a65f4470 JavaThread "Cache worker for file hash cache (C:\Users\Admin\Documents\AndroidStudioProjects\GuessThePattern\.gradle\8.0\fileHashes)" [_thread_blocked, id=10828, stack(0x00000032db100000,0x00000032db200000)]
  0x00000175a65f4e10 JavaThread "Cache worker for cache directory md-supplier (C:\Users\Admin\.gradle\caches\8.0\md-supplier)" [_thread_blocked, id=9504, stack(0x00000032db200000,0x00000032db300000)]
  0x00000175a65f52e0 JavaThread "Cache worker for execution history cache (C:\Users\Admin\.gradle\caches\8.0\executionHistory)" [_thread_blocked, id=5888, stack(0x00000032d9800000,0x00000032d9900000)]
  0x00000175a65f6150 JavaThread "jar transforms" [_thread_blocked, id=12392, stack(0x00000032db300000,0x00000032db400000)]
  0x00000175a65f6af0 JavaThread "jar transforms Thread 2" [_thread_blocked, id=2660, stack(0x00000032db400000,0x00000032db500000)]
  0x00000175a65f8300 JavaThread "jar transforms Thread 3" [_thread_blocked, id=10120, stack(0x00000032db600000,0x00000032db700000)]
  0x00000175a65f5c80 JavaThread "jar transforms Thread 4" [_thread_blocked, id=10172, stack(0x00000032db700000,0x00000032db800000)]
  0x00000175a65f2c60 JavaThread "Cache worker for dependencies-accessors (C:\Users\Admin\Documents\AndroidStudioProjects\GuessThePattern\.gradle\8.0\dependencies-accessors)" [_thread_blocked, id=7444, stack(0x00000032db800000,0x00000032db900000)]
  0x00000175a65f6620 JavaThread "jar transforms Thread 5" [_thread_blocked, id=712, stack(0x00000032db900000,0x00000032dba00000)]
  0x00000175a65f7490 JavaThread "Cache worker for Build Output Cleanup Cache (C:\Users\Admin\Documents\AndroidStudioProjects\GuessThePattern\.gradle\buildOutputCleanup)" [_thread_blocked, id=8544, stack(0x00000032db500000,0x00000032db600000)]
  0x00000175ab041790 JavaThread "Unconstrained build operations" [_thread_blocked, id=14184, stack(0x00000032dbc00000,0x00000032dbd00000)]
  0x00000175ab0447b0 JavaThread "Unconstrained build operations Thread 2" [_thread_blocked, id=11236, stack(0x00000032dbd00000,0x00000032dbe00000)]
  0x00000175ab040df0 JavaThread "Unconstrained build operations Thread 3" [_thread_blocked, id=12496, stack(0x00000032dbe00000,0x00000032dbf00000)]
  0x00000175ab046490 JavaThread "Unconstrained build operations Thread 4" [_thread_blocked, id=8232, stack(0x00000032dbf00000,0x00000032dc000000)]
  0x00000175ab042600 JavaThread "Unconstrained build operations Thread 5" [_thread_blocked, id=10988, stack(0x00000032dc000000,0x00000032dc100000)]
  0x00000175ab042ad0 JavaThread "Unconstrained build operations Thread 6" [_thread_blocked, id=14248, stack(0x00000032dc100000,0x00000032dc200000)]
  0x00000175ab047300 JavaThread "Unconstrained build operations Thread 7" [_thread_blocked, id=8936, stack(0x00000032dc200000,0x00000032dc300000)]
  0x00000175ab042fa0 JavaThread "Unconstrained build operations Thread 8" [_thread_blocked, id=4336, stack(0x00000032dc300000,0x00000032dc400000)]
  0x00000175ab043e10 JavaThread "Unconstrained build operations Thread 9" [_thread_blocked, id=2720, stack(0x00000032dc400000,0x00000032dc500000)]
  0x00000175ab040920 JavaThread "Unconstrained build operations Thread 10" [_thread_blocked, id=7268, stack(0x00000032dc500000,0x00000032dc600000)]
  0x00000175ab043470 JavaThread "Unconstrained build operations Thread 11" [_thread_blocked, id=10548, stack(0x00000032dc600000,0x00000032dc700000)]
  0x00000175ab044c80 JavaThread "Unconstrained build operations Thread 12" [_thread_blocked, id=12048, stack(0x00000032dc700000,0x00000032dc800000)]
  0x00000175ab047ca0 JavaThread "Unconstrained build operations Thread 13" [_thread_blocked, id=13328, stack(0x00000032dc800000,0x00000032dc900000)]
  0x00000175ab0412c0 JavaThread "Unconstrained build operations Thread 14" [_thread_blocked, id=14252, stack(0x00000032dc900000,0x00000032dca00000)]
  0x00000175ab041c60 JavaThread "Unconstrained build operations Thread 15" [_thread_blocked, id=928, stack(0x00000032dca00000,0x00000032dcb00000)]
  0x00000175ab046960 JavaThread "Unconstrained build operations Thread 16" [_thread_blocked, id=12168, stack(0x00000032dcb00000,0x00000032dcc00000)]
  0x00000175ab0477d0 JavaThread "Unconstrained build operations Thread 17" [_thread_blocked, id=13516, stack(0x00000032dcc00000,0x00000032dcd00000)]
  0x00000175ab045150 JavaThread "Unconstrained build operations Thread 18" [_thread_blocked, id=1656, stack(0x00000032dcd00000,0x00000032dce00000)]
  0x00000175ab045af0 JavaThread "Unconstrained build operations Thread 19" [_thread_blocked, id=10440, stack(0x00000032dce00000,0x00000032dcf00000)]
  0x00000175ab045fc0 JavaThread "Unconstrained build operations Thread 20" [_thread_blocked, id=14900, stack(0x00000032dcf00000,0x00000032dd000000)]
  0x00000175ab045620 JavaThread "Unconstrained build operations Thread 21" [_thread_blocked, id=5156, stack(0x00000032dd000000,0x00000032dd100000)]
  0x00000175ab046e30 JavaThread "Unconstrained build operations Thread 22" [_thread_blocked, id=4108, stack(0x00000032dd100000,0x00000032dd200000)]
  0x00000175ab040450 JavaThread "Unconstrained build operations Thread 23" [_thread_blocked, id=3540, stack(0x00000032dd200000,0x00000032dd300000)]
  0x00000175ab042130 JavaThread "Unconstrained build operations Thread 24" [_thread_blocked, id=4256, stack(0x00000032dd300000,0x00000032dd400000)]
  0x00000175ab043940 JavaThread "Unconstrained build operations Thread 25" [_thread_blocked, id=11932, stack(0x00000032dd400000,0x00000032dd500000)]
  0x00000175ab0442e0 JavaThread "Unconstrained build operations Thread 26" [_thread_blocked, id=10432, stack(0x00000032dd500000,0x00000032dd600000)]
  0x00000175a4b6af80 JavaThread "Unconstrained build operations Thread 27" [_thread_blocked, id=2696, stack(0x00000032dd600000,0x00000032dd700000)]
  0x00000175a4b67f60 JavaThread "Unconstrained build operations Thread 28" [_thread_blocked, id=5752, stack(0x00000032dd700000,0x00000032dd800000)]
  0x00000175a4b66c20 JavaThread "Unconstrained build operations Thread 29" [_thread_blocked, id=9976, stack(0x00000032dd800000,0x00000032dd900000)]
  0x00000175a4b67a90 JavaThread "Unconstrained build operations Thread 30" [_thread_blocked, id=11244, stack(0x00000032dd900000,0x00000032dda00000)]
  0x00000175a4b68430 JavaThread "Unconstrained build operations Thread 31" [_thread_blocked, id=6724, stack(0x00000032dda00000,0x00000032ddb00000)]
  0x00000175a4b69c40 JavaThread "Unconstrained build operations Thread 32" [_thread_blocked, id=3572, stack(0x00000032ddb00000,0x00000032ddc00000)]
  0x00000175a4b66280 JavaThread "Unconstrained build operations Thread 33" [_thread_blocked, id=10508, stack(0x00000032ddc00000,0x00000032ddd00000)]
  0x00000175a4b68dd0 JavaThread "Unconstrained build operations Thread 34" [_thread_blocked, id=7228, stack(0x00000032ddd00000,0x00000032dde00000)]
  0x00000175a4b69770 JavaThread "Unconstrained build operations Thread 35" [_thread_blocked, id=1948, stack(0x00000032dde00000,0x00000032ddf00000)]
  0x00000175a4b66750 JavaThread "Unconstrained build operations Thread 36" [_thread_blocked, id=10104, stack(0x00000032ddf00000,0x00000032de000000)]
  0x00000175a4b6aab0 JavaThread "Unconstrained build operations Thread 37" [_thread_blocked, id=7608, stack(0x00000032de000000,0x00000032de100000)]
  0x00000175a4b68900 JavaThread "Unconstrained build operations Thread 38" [_thread_blocked, id=3156, stack(0x00000032de100000,0x00000032de200000)]
  0x00000175a4b65db0 JavaThread "Unconstrained build operations Thread 39" [_thread_blocked, id=10480, stack(0x00000032de200000,0x00000032de300000)]
  0x00000175a4b670f0 JavaThread "Unconstrained build operations Thread 40" [_thread_blocked, id=10028, stack(0x00000032de300000,0x00000032de400000)]
  0x00000175a4b6b450 JavaThread "Unconstrained build operations Thread 41" [_thread_blocked, id=6024, stack(0x00000032de400000,0x00000032de500000)]
  0x00000175a4b692a0 JavaThread "Unconstrained build operations Thread 42" [_thread_blocked, id=13384, stack(0x00000032de500000,0x00000032de600000)]
  0x00000175a4b6a110 JavaThread "Unconstrained build operations Thread 43" [_thread_blocked, id=12972, stack(0x00000032de600000,0x00000032de700000)]
  0x00000175a4b6a5e0 JavaThread "Unconstrained build operations Thread 44" [_thread_blocked, id=3228, stack(0x00000032de700000,0x00000032de800000)]
  0x00000175a4b64f40 JavaThread "Unconstrained build operations Thread 45" [_thread_blocked, id=2968, stack(0x00000032de800000,0x00000032de900000)]
  0x00000175a4b63c00 JavaThread "Unconstrained build operations Thread 46" [_thread_blocked, id=8572, stack(0x00000032de900000,0x00000032dea00000)]
  0x00000175a4b65410 JavaThread "Unconstrained build operations Thread 47" [_thread_blocked, id=14996, stack(0x00000032dea00000,0x00000032deb00000)]
  0x00000175a4b675c0 JavaThread "Unconstrained build operations Thread 48" [_thread_blocked, id=10912, stack(0x00000032deb00000,0x00000032dec00000)]
  0x00000175a4b640d0 JavaThread "Unconstrained build operations Thread 49" [_thread_blocked, id=5108, stack(0x00000032dec00000,0x00000032ded00000)]
  0x00000175a4b645a0 JavaThread "Unconstrained build operations Thread 50" [_thread_blocked, id=3524, stack(0x00000032ded00000,0x00000032dee00000)]
  0x00000175a4b64a70 JavaThread "Unconstrained build operations Thread 51" [_thread_blocked, id=14344, stack(0x00000032dee00000,0x00000032def00000)]
  0x00000175a4b658e0 JavaThread "Unconstrained build operations Thread 52" [_thread_blocked, id=1680, stack(0x00000032def00000,0x00000032df000000)]
  0x00000175a3d81e80 JavaThread "Unconstrained build operations Thread 53" [_thread_blocked, id=3368, stack(0x00000032df000000,0x00000032df100000)]
  0x00000175a3d7db20 JavaThread "Unconstrained build operations Thread 54" [_thread_blocked, id=1912, stack(0x00000032df100000,0x00000032df200000)]
  0x00000175a3d82820 JavaThread "Unconstrained build operations Thread 55" [_thread_blocked, id=13572, stack(0x00000032df200000,0x00000032df300000)]
  0x00000175a3d7d180 JavaThread "Unconstrained build operations Thread 56" [_thread_blocked, id=2692, stack(0x00000032df300000,0x00000032df400000)]
  0x00000175a3d7f800 JavaThread "Unconstrained build operations Thread 57" [_thread_blocked, id=9436, stack(0x00000032df400000,0x00000032df500000)]
  0x00000175a3d82350 JavaThread "Unconstrained build operations Thread 58" [_thread_blocked, id=10728, stack(0x00000032df500000,0x00000032df600000)]
  0x00000175a3d82cf0 JavaThread "Unconstrained build operations Thread 59" [_thread_blocked, id=10160, stack(0x00000032df600000,0x00000032df700000)]
  0x00000175a3d7ee60 JavaThread "Unconstrained build operations Thread 60" [_thread_blocked, id=10364, stack(0x00000032df700000,0x00000032df800000)]
  0x00000175a3d7d650 JavaThread "Unconstrained build operations Thread 61" [_thread_blocked, id=10560, stack(0x00000032df800000,0x00000032df900000)]
  0x00000175a3d7fcd0 JavaThread "Unconstrained build operations Thread 62" [_thread_blocked, id=5640, stack(0x00000032df900000,0x00000032dfa00000)]
  0x00000175a3d84030 JavaThread "Unconstrained build operations Thread 63" [_thread_blocked, id=7956, stack(0x00000032dfa00000,0x00000032dfb00000)]
  0x00000175a3d801a0 JavaThread "Unconstrained build operations Thread 64" [_thread_blocked, id=10424, stack(0x00000032dfb00000,0x00000032dfc00000)]
  0x00000175a3d7dff0 JavaThread "Unconstrained build operations Thread 65" [_thread_blocked, id=12864, stack(0x00000032dfc00000,0x00000032dfd00000)]
  0x00000175a3d7e990 JavaThread "Unconstrained build operations Thread 66" [_thread_blocked, id=12060, stack(0x00000032dfd00000,0x00000032dfe00000)]
  0x00000175a3d7f330 JavaThread "Unconstrained build operations Thread 67" [_thread_blocked, id=11704, stack(0x00000032dfe00000,0x00000032dff00000)]
  0x00000175a3d819b0 JavaThread "Unconstrained build operations Thread 68" [_thread_blocked, id=15068, stack(0x00000032dff00000,0x00000032e0000000)]
  0x00000175a3d80670 JavaThread "Unconstrained build operations Thread 69" [_thread_blocked, id=10556, stack(0x00000032e0000000,0x00000032e0100000)]
  0x00000175a3d83690 JavaThread "Unconstrained build operations Thread 70" [_thread_blocked, id=9128, stack(0x00000032e0100000,0x00000032e0200000)]
  0x00000175a3d80b40 JavaThread "Unconstrained build operations Thread 71" [_thread_blocked, id=5276, stack(0x00000032e0200000,0x00000032e0300000)]
  0x00000175a3d81010 JavaThread "Unconstrained build operations Thread 72" [_thread_blocked, id=15204, stack(0x00000032e0300000,0x00000032e0400000)]
  0x00000175a3d7e4c0 JavaThread "Unconstrained build operations Thread 73" [_thread_blocked, id=5220, stack(0x00000032e0400000,0x00000032e0500000)]
  0x00000175a3d814e0 JavaThread "Unconstrained build operations Thread 74" [_thread_blocked, id=5224, stack(0x00000032e0500000,0x00000032e0600000)]
  0x00000175a3d831c0 JavaThread "Unconstrained build operations Thread 75" [_thread_blocked, id=5232, stack(0x00000032e0600000,0x00000032e0700000)]
  0x00000175a3d83b60 JavaThread "Unconstrained build operations Thread 76" [_thread_blocked, id=5316, stack(0x00000032e0700000,0x00000032e0800000)]
  0x00000175a3d7c7e0 JavaThread "Unconstrained build operations Thread 77" [_thread_blocked, id=8524, stack(0x00000032e0800000,0x00000032e0900000)]
  0x00000175a3d7ccb0 JavaThread "Unconstrained build operations Thread 78" [_thread_blocked, id=5500, stack(0x00000032e0900000,0x00000032e0a00000)]
  0x00000175a736a3b0 JavaThread "Unconstrained build operations Thread 79" [_thread_blocked, id=1112, stack(0x00000032e0a00000,0x00000032e0b00000)]
  0x00000175a7369070 JavaThread "Unconstrained build operations Thread 80" [_thread_blocked, id=2624, stack(0x00000032e0b00000,0x00000032e0c00000)]
  0x00000175a736a880 JavaThread "Unconstrained build operations Thread 81" [_thread_blocked, id=6020, stack(0x00000032e0c00000,0x00000032e0d00000)]
  0x00000175a7367860 JavaThread "Unconstrained build operations Thread 82" [_thread_blocked, id=7544, stack(0x00000032e0d00000,0x00000032e0e00000)]
  0x00000175a736ad50 JavaThread "Unconstrained build operations Thread 83" [_thread_blocked, id=2712, stack(0x00000032e0e00000,0x00000032e0f00000)]
  0x00000175a7369540 JavaThread "Unconstrained build operations Thread 84" [_thread_blocked, id=6008, stack(0x00000032e0f00000,0x00000032e1000000)]
  0x00000175a736b220 JavaThread "Unconstrained build operations Thread 85" [_thread_blocked, id=2560, stack(0x00000032e1000000,0x00000032e1100000)]
  0x00000175a736ca30 JavaThread "Unconstrained build operations Thread 86" [_thread_blocked, id=2052, stack(0x00000032e1100000,0x00000032e1200000)]
  0x00000175a736c090 JavaThread "Unconstrained build operations Thread 87" [_thread_blocked, id=5832, stack(0x00000032e1200000,0x00000032e1300000)]
  0x00000175a7366520 JavaThread "Unconstrained build operations Thread 88" [_thread_blocked, id=10784, stack(0x00000032e1300000,0x00000032e1400000)]
  0x00000175a736b6f0 JavaThread "Unconstrained build operations Thread 89" [_thread_blocked, id=11064, stack(0x00000032e1400000,0x00000032e1500000)]
  0x00000175a7367d30 JavaThread "Unconstrained build operations Thread 90" [_thread_blocked, id=4172, stack(0x00000032e1500000,0x00000032e1600000)]
  0x00000175a7368ba0 JavaThread "Unconstrained build operations Thread 91" [_thread_blocked, id=2780, stack(0x00000032e1600000,0x00000032e1700000)]
  0x00000175a7368200 JavaThread "Unconstrained build operations Thread 92" [_thread_blocked, id=11764, stack(0x00000032e1700000,0x00000032e1800000)]
  0x00000175a736bbc0 JavaThread "Unconstrained build operations Thread 93" [_thread_blocked, id=10808, stack(0x00000032e1800000,0x00000032e1900000)]
  0x00000175a7369ee0 JavaThread "Unconstrained build operations Thread 94" [_thread_blocked, id=1620, stack(0x00000032e1900000,0x00000032e1a00000)]
  0x00000175a73686d0 JavaThread "Unconstrained build operations Thread 95" [_thread_blocked, id=5408, stack(0x00000032e1a00000,0x00000032e1b00000)]
  0x00000175a7369a10 JavaThread "Unconstrained build operations Thread 96" [_thread_blocked, id=4104, stack(0x00000032e1b00000,0x00000032e1c00000)]
  0x00000175a736c560 JavaThread "Unconstrained build operations Thread 97" [_thread_blocked, id=3112, stack(0x00000032e1c00000,0x00000032e1d00000)]
  0x00000175a73651e0 JavaThread "Unconstrained build operations Thread 98" [_thread_blocked, id=4552, stack(0x00000032e1d00000,0x00000032e1e00000)]
  0x00000175a73656b0 JavaThread "Unconstrained build operations Thread 99" [_thread_blocked, id=5004, stack(0x00000032e1e00000,0x00000032e1f00000)]
  0x00000175a7365b80 JavaThread "Unconstrained build operations Thread 100" [_thread_blocked, id=3692, stack(0x00000032e1f00000,0x00000032e2000000)]
  0x00000175a7366050 JavaThread "Unconstrained build operations Thread 101" [_thread_blocked, id=7200, stack(0x00000032e2000000,0x00000032e2100000)]
  0x00000175a7366ec0 JavaThread "Unconstrained build operations Thread 102" [_thread_blocked, id=8028, stack(0x00000032e2100000,0x00000032e2200000)]
  0x00000175a73669f0 JavaThread "Unconstrained build operations Thread 103" [_thread_blocked, id=12400, stack(0x00000032e2200000,0x00000032e2300000)]
  0x00000175a7367390 JavaThread "Unconstrained build operations Thread 104" [_thread_blocked, id=11580, stack(0x00000032e2300000,0x00000032e2400000)]
  0x00000175a8d72f80 JavaThread "Unconstrained build operations Thread 105" [_thread_blocked, id=14124, stack(0x00000032e2400000,0x00000032e2500000)]
  0x00000175a8d74790 JavaThread "Unconstrained build operations Thread 106" [_thread_blocked, id=14480, stack(0x00000032e2500000,0x00000032e2600000)]
  0x00000175a8d76940 JavaThread "Unconstrained build operations Thread 107" [_thread_blocked, id=13460, stack(0x00000032e2600000,0x00000032e2700000)]
  0x00000175a8d70dd0 JavaThread "Unconstrained build operations Thread 108" [_thread_blocked, id=5660, stack(0x00000032e2700000,0x00000032e2800000)]
  0x00000175a8d76e10 JavaThread "Unconstrained build operations Thread 109" [_thread_blocked, id=14920, stack(0x00000032e2800000,0x00000032e2900000)]
  0x00000175a8d725e0 JavaThread "Unconstrained build operations Thread 110" [_thread_blocked, id=2132, stack(0x00000032e2900000,0x00000032e2a00000)]
  0x00000175a8d772e0 JavaThread "Unconstrained build operations Thread 111" [_thread_blocked, id=8924, stack(0x00000032e2a00000,0x00000032e2b00000)]
  0x00000175a8d712a0 JavaThread "Unconstrained build operations Thread 112" [_thread_blocked, id=1708, stack(0x00000032e2b00000,0x00000032e2c00000)]
  0x00000175a8d75ad0 JavaThread "Unconstrained build operations Thread 113" [_thread_blocked, id=12768, stack(0x00000032e2c00000,0x00000032e2d00000)]
  0x00000175a8d72ab0 JavaThread "Unconstrained build operations Thread 114" [_thread_blocked, id=2820, stack(0x00000032e2d00000,0x00000032e2e00000)]
  0x00000175a8d75130 JavaThread "Unconstrained build operations Thread 115" [_thread_blocked, id=6696, stack(0x00000032e2e00000,0x00000032e2f00000)]
  0x00000175a8d6ff60 JavaThread "Unconstrained build operations Thread 116" [_thread_blocked, id=12604, stack(0x00000032e2f00000,0x00000032e3000000)]
  0x00000175a8d777b0 JavaThread "Unconstrained build operations Thread 117" [_thread_blocked, id=11820, stack(0x00000032e3000000,0x00000032e3100000)]
  0x00000175a8d75fa0 JavaThread "Unconstrained build operations Thread 118" [_thread_blocked, id=14536, stack(0x00000032e3100000,0x00000032e3200000)]
  0x00000175a8d71770 JavaThread "Unconstrained build operations Thread 119" [_thread_blocked, id=14056, stack(0x00000032e3200000,0x00000032e3300000)]
  0x00000175a8d71c40 JavaThread "Unconstrained build operations Thread 120" [_thread_blocked, id=7044, stack(0x00000032e3300000,0x00000032e3400000)]
  0x00000175a8d76470 JavaThread "jar transforms Thread 6" [_thread_blocked, id=9484, stack(0x00000032e3400000,0x00000032e3500000)]
  0x00000175a8d72110 JavaThread "jar transforms Thread 7" [_thread_blocked, id=2124, stack(0x00000032e3500000,0x00000032e3600000)]
  0x00000175a8d70430 JavaThread "jar transforms Thread 8" [_thread_blocked, id=7612, stack(0x00000032e3600000,0x00000032e3700000)]
  0x00000175a8d73450 JavaThread "jar transforms Thread 9" [_thread_blocked, id=14964, stack(0x00000032e3700000,0x00000032e3800000)]
  0x00000175a8d70900 JavaThread "jar transforms Thread 10" [_thread_blocked, id=14128, stack(0x00000032e3800000,0x00000032e3900000)]
  0x00000175a8d74c60 JavaThread "jar transforms Thread 11" [_thread_blocked, id=13748, stack(0x00000032e3900000,0x00000032e3a00000)]
  0x00000175a8d75600 JavaThread "jar transforms Thread 12" [_thread_blocked, id=14200, stack(0x00000032e3a00000,0x00000032e3b00000)]
  0x00000175a8d73920 JavaThread "build event listener" [_thread_blocked, id=13564, stack(0x00000032dba00000,0x00000032dbb00000)]
  0x00000175a8d73df0 JavaThread "Memory manager" [_thread_blocked, id=13512, stack(0x00000032e3b00000,0x00000032e3c00000)]
  0x00000175adf34510 JavaThread "included builds" [_thread_blocked, id=3660, stack(0x00000032e3d00000,0x00000032e3e00000)]
  0x00000175adf319c0 JavaThread "Execution worker" [_thread_blocked, id=9140, stack(0x00000032e3f00000,0x00000032e4000000)]
  0x00000175adf31e90 JavaThread "Execution worker Thread 2" [_thread_blocked, id=13632, stack(0x00000032e4000000,0x00000032e4100000)]
  0x00000175adf33b70 JavaThread "Execution worker Thread 3" [_thread_blocked, id=15240, stack(0x00000032e4100000,0x00000032e4200000)]
  0x00000175adf2f810 JavaThread "Execution worker Thread 4" [_thread_blocked, id=15056, stack(0x00000032e4200000,0x00000032e4300000)]
  0x00000175adf31020 JavaThread "Execution worker Thread 5" [_thread_blocked, id=7076, stack(0x00000032e4300000,0x00000032e4400000)]
  0x00000175adf2f340 JavaThread "Execution worker Thread 6" [_thread_blocked, id=14444, stack(0x00000032e4400000,0x00000032e4500000)]
  0x00000175adf366c0 JavaThread "Execution worker Thread 7" [_thread_blocked, id=12708, stack(0x00000032e4500000,0x00000032e4600000)]
  0x00000175adf36b90 JavaThread "Execution worker Thread 8" [_thread_blocked, id=3296, stack(0x00000032e4600000,0x00000032e4700000)]
  0x00000175adf32360 JavaThread "Execution worker Thread 9" [_thread_blocked, id=5992, stack(0x00000032e4700000,0x00000032e4800000)]
  0x00000175adf349e0 JavaThread "Execution worker Thread 10" [_thread_blocked, id=13624, stack(0x00000032e4800000,0x00000032e4900000)]
  0x00000175adf361f0 JavaThread "Execution worker Thread 11" [_thread_blocked, id=6684, stack(0x00000032e4900000,0x00000032e4a00000)]
  0x00000175adf32830 JavaThread "Cache worker for execution history cache (C:\Users\Admin\Documents\AndroidStudioProjects\GuessThePattern\.gradle\8.0\executionHistory)" [_thread_blocked, id=2356, stack(0x00000032e4a00000,0x00000032e4b00000)]
  0x00000175ae9b80d0 JavaThread "C2 CompilerThread1" daemon [_thread_blocked, id=9900, stack(0x00000032d9200000,0x00000032d9300000)]
  0x00000175a737ca30 JavaThread "C2 CompilerThread2" daemon [_thread_blocked, id=10192, stack(0x00000032e3c00000,0x00000032e3d00000)]

Other Threads:
=>0x00000175a3872900 VMThread "VM Thread" [stack: 0x00000032d8500000,0x00000032d8600000] [id=13112]
  0x0000017588c2c280 WatcherThread [stack: 0x00000032d9100000,0x00000032d9200000] [id=13948]
  0x0000017588c060a0 GCTaskThread "GC Thread#0" [stack: 0x00000032d8000000,0x00000032d8100000] [id=12248]
  0x00000175a4867d10 GCTaskThread "GC Thread#1" [stack: 0x00000032d9300000,0x00000032d9400000] [id=11696]
  0x00000175a45986d0 GCTaskThread "GC Thread#2" [stack: 0x00000032d9400000,0x00000032d9500000] [id=13496]
  0x00000175a489f530 GCTaskThread "GC Thread#3" [stack: 0x00000032d9500000,0x00000032d9600000] [id=924]
  0x00000175a466e9a0 GCTaskThread "GC Thread#4" [stack: 0x00000032d9600000,0x00000032d9700000] [id=13968]
  0x00000175a466ec50 GCTaskThread "GC Thread#5" [stack: 0x00000032d9700000,0x00000032d9800000] [id=14832]
  0x00000175a5c4c570 GCTaskThread "GC Thread#6" [stack: 0x00000032da300000,0x00000032da400000] [id=14412]
  0x00000175a7227ce0 GCTaskThread "GC Thread#7" [stack: 0x00000032da400000,0x00000032da500000] [id=6416]
  0x00000175a4ec18a0 GCTaskThread "GC Thread#8" [stack: 0x00000032da500000,0x00000032da600000] [id=10836]
  0x00000175a70cc2f0 GCTaskThread "GC Thread#9" [stack: 0x00000032da600000,0x00000032da700000] [id=10528]
  0x0000017588c17040 ConcurrentGCThread "G1 Main Marker" [stack: 0x00000032d8100000,0x00000032d8200000] [id=13712]
  0x0000017588c18800 ConcurrentGCThread "G1 Conc#0" [stack: 0x00000032d8200000,0x00000032d8300000] [id=9108]
  0x00000175a661c080 ConcurrentGCThread "G1 Conc#1" [stack: 0x00000032da700000,0x00000032da800000] [id=13160]
  0x00000175a661c5e0 ConcurrentGCThread "G1 Conc#2" [stack: 0x00000032da800000,0x00000032da900000] [id=11340]
  0x00000175a2b0a4e0 ConcurrentGCThread "G1 Refine#0" [stack: 0x00000032d8300000,0x00000032d8400000] [id=11576]
  0x00000175aaa5d1a0 ConcurrentGCThread "G1 Refine#1" [stack: 0x00000032e3e00000,0x00000032e3f00000] [id=12704]
  0x00000175a2b0aca0 ConcurrentGCThread "G1 Service" [stack: 0x00000032d8400000,0x00000032d8500000] [id=6768]

Threads with active compile tasks:
C2 CompilerThread0    12060 9707       4       org.gradle.cache.internal.btree.FreeListBlockStore::read (12 bytes)
C2 CompilerThread1    12060 9779       4       org.gradle.cache.internal.btree.CachingBlockStore::read (56 bytes)

VM state: at safepoint (normal execution)

VM Mutex/Monitor currently owned by a thread:  ([mutex/lock_event])
[0x0000017588ba6540] Threads_lock - owner thread: 0x00000175a3872900
[0x0000017588ba6f60] Heap_lock - owner thread: 0x00000175a3d801a0

Heap address: 0x0000000080000000, size: 2048 MB, Compressed Oops mode: 32-bit

CDS archive(s) not mapped
Compressed class space mapped at: 0x0000000100000000-0x0000000140000000, reserved size: 1073741824
Narrow klass base: 0x0000000000000000, Narrow klass shift: 3, Narrow klass range: 0x140000000

GC Precious Log:
 CPUs: 12 total, 12 available
 Memory: 16296M
 Large Page Support: Disabled
 NUMA Support: Disabled
 Compressed Oops: Enabled (32-bit)
 Heap Region Size: 1M
 Heap Min Capacity: 8M
 Heap Initial Capacity: 256M
 Heap Max Capacity: 2G
 Pre-touch: Disabled
 Parallel Workers: 10
 Concurrent Workers: 3
 Concurrent Refinement Workers: 10
 Periodic GC: Disabled

Heap:
 garbage-first heap   total 135168K, used 84120K [0x0000000080000000, 0x0000000100000000)
  region size 1024K, 3 young (3072K), 3 survivors (3072K)
 Metaspace       used 89913K, committed 90560K, reserved 1130496K
  class space    used 12361K, committed 12672K, reserved 1048576K

Heap Regions: E=young(eden), S=young(survivor), O=old, HS=humongous(starts), HC=humongous(continues), CS=collection set, F=free, OA=open archive, CA=closed archive, TAMS=top-at-mark-start (previous, next)
|   0|0x0000000080000000, 0x0000000080100000, 0x0000000080100000|100%|HS|  |TAMS 0x0000000080100000, 0x0000000080000000| Complete 
|   1|0x0000000080100000, 0x0000000080200000, 0x0000000080200000|100%|HC|  |TAMS 0x0000000080200000, 0x0000000080100000| Complete 
|   2|0x0000000080200000, 0x0000000080300000, 0x0000000080300000|100%|HC|  |TAMS 0x0000000080300000, 0x0000000080200000| Complete 
|   3|0x0000000080300000, 0x0000000080400000, 0x0000000080400000|100%|HC|  |TAMS 0x0000000080400000, 0x0000000080300000| Complete 
|   4|0x0000000080400000, 0x0000000080500000, 0x0000000080500000|100%| O|  |TAMS 0x0000000080500000, 0x0000000080400000| Untracked 
|   5|0x0000000080500000, 0x0000000080600000, 0x0000000080600000|100%| O|  |TAMS 0x0000000080600000, 0x0000000080500000| Untracked 
|   6|0x0000000080600000, 0x0000000080700000, 0x0000000080700000|100%| O|  |TAMS 0x0000000080700000, 0x0000000080600000| Untracked 
|   7|0x0000000080700000, 0x0000000080800000, 0x0000000080800000|100%| O|  |TAMS 0x0000000080800000, 0x0000000080700000| Untracked 
|   8|0x0000000080800000, 0x0000000080900000, 0x0000000080900000|100%| O|  |TAMS 0x0000000080900000, 0x0000000080800000| Untracked 
|   9|0x0000000080900000, 0x0000000080a00000, 0x0000000080a00000|100%| O|  |TAMS 0x0000000080a00000, 0x0000000080900000| Untracked 
|  10|0x0000000080a00000, 0x0000000080b00000, 0x0000000080b00000|100%| O|  |TAMS 0x0000000080b00000, 0x0000000080a00000| Untracked 
|  11|0x0000000080b00000, 0x0000000080c00000, 0x0000000080c00000|100%| O|  |TAMS 0x0000000080c00000, 0x0000000080b00000| Untracked 
|  12|0x0000000080c00000, 0x0000000080d00000, 0x0000000080d00000|100%| O|  |TAMS 0x0000000080d00000, 0x0000000080c00000| Untracked 
|  13|0x0000000080d00000, 0x0000000080e00000, 0x0000000080e00000|100%| O|  |TAMS 0x0000000080e00000, 0x0000000080d00000| Untracked 
|  14|0x0000000080e00000, 0x0000000080f00000, 0x0000000080f00000|100%| O|  |TAMS 0x0000000080f00000, 0x0000000080e00000| Untracked 
|  15|0x0000000080f00000, 0x0000000081000000, 0x0000000081000000|100%| O|  |TAMS 0x0000000081000000, 0x0000000080f00000| Untracked 
|  16|0x0000000081000000, 0x0000000081100000, 0x0000000081100000|100%| O|  |TAMS 0x0000000081100000, 0x0000000081000000| Untracked 
|  17|0x0000000081100000, 0x0000000081200000, 0x0000000081200000|100%| O|  |TAMS 0x0000000081200000, 0x0000000081100000| Untracked 
|  18|0x0000000081200000, 0x0000000081300000, 0x0000000081300000|100%| O|  |TAMS 0x0000000081300000, 0x0000000081200000| Untracked 
|  19|0x0000000081300000, 0x0000000081400000, 0x0000000081400000|100%| O|  |TAMS 0x0000000081400000, 0x0000000081300000| Untracked 
|  20|0x0000000081400000, 0x0000000081500000, 0x0000000081500000|100%| O|  |TAMS 0x0000000081500000, 0x0000000081400000| Untracked 
|  21|0x0000000081500000, 0x0000000081500000, 0x0000000081600000|  0%| F|  |TAMS 0x0000000081500000, 0x0000000081500000| Untracked 
|  22|0x0000000081600000, 0x0000000081700000, 0x0000000081700000|100%| O|  |TAMS 0x0000000081700000, 0x0000000081600000| Untracked 
|  23|0x0000000081700000, 0x0000000081800000, 0x0000000081800000|100%| O|  |TAMS 0x0000000081800000, 0x0000000081700000| Untracked 
|  24|0x0000000081800000, 0x0000000081900000, 0x0000000081900000|100%| O|  |TAMS 0x0000000081900000, 0x0000000081800000| Untracked 
|  25|0x0000000081900000, 0x0000000081a00000, 0x0000000081a00000|100%| O|  |TAMS 0x0000000081a00000, 0x0000000081900000| Untracked 
|  26|0x0000000081a00000, 0x0000000081b00000, 0x0000000081b00000|100%| O|  |TAMS 0x0000000081b00000, 0x0000000081a00000| Untracked 
|  27|0x0000000081b00000, 0x0000000081c00000, 0x0000000081c00000|100%| O|  |TAMS 0x0000000081c00000, 0x0000000081b00000| Untracked 
|  28|0x0000000081c00000, 0x0000000081d00000, 0x0000000081d00000|100%| O|  |TAMS 0x0000000081d00000, 0x0000000081c00000| Untracked 
|  29|0x0000000081d00000, 0x0000000081e00000, 0x0000000081e00000|100%| O|  |TAMS 0x0000000081e00000, 0x0000000081d00000| Untracked 
|  30|0x0000000081e00000, 0x0000000081f00000, 0x0000000081f00000|100%| O|  |TAMS 0x0000000081f00000, 0x0000000081e00000| Untracked 
|  31|0x0000000081f00000, 0x0000000082000000, 0x0000000082000000|100%|HS|  |TAMS 0x0000000082000000, 0x0000000081f00000| Complete 
|  32|0x0000000082000000, 0x0000000082100000, 0x0000000082100000|100%|HS|  |TAMS 0x0000000082100000, 0x0000000082000000| Complete 
|  33|0x0000000082100000, 0x0000000082200000, 0x0000000082200000|100%|HS|  |TAMS 0x0000000082200000, 0x0000000082100000| Complete 
|  34|0x0000000082200000, 0x0000000082300000, 0x0000000082300000|100%| O|  |TAMS 0x0000000082300000, 0x0000000082200000| Untracked 
|  35|0x0000000082300000, 0x0000000082400000, 0x0000000082400000|100%| O|  |TAMS 0x0000000082400000, 0x0000000082300000| Untracked 
|  36|0x0000000082400000, 0x0000000082500000, 0x0000000082500000|100%| O|  |TAMS 0x0000000082500000, 0x0000000082400000| Untracked 
|  37|0x0000000082500000, 0x0000000082600000, 0x0000000082600000|100%| O|  |TAMS 0x0000000082600000, 0x0000000082500000| Untracked 
|  38|0x0000000082600000, 0x0000000082700000, 0x0000000082700000|100%| O|  |TAMS 0x0000000082700000, 0x0000000082600000| Untracked 
|  39|0x0000000082700000, 0x0000000082800000, 0x0000000082800000|100%| O|  |TAMS 0x0000000082800000, 0x0000000082700000| Untracked 
|  40|0x0000000082800000, 0x0000000082900000, 0x0000000082900000|100%| O|  |TAMS 0x0000000082900000, 0x0000000082800000| Untracked 
|  41|0x0000000082900000, 0x0000000082a00000, 0x0000000082a00000|100%| O|  |TAMS 0x0000000082a00000, 0x0000000082900000| Untracked 
|  42|0x0000000082a00000, 0x0000000082b00000, 0x0000000082b00000|100%| O|  |TAMS 0x0000000082b00000, 0x0000000082a00000| Untracked 
|  43|0x0000000082b00000, 0x0000000082c00000, 0x0000000082c00000|100%| O|  |TAMS 0x0000000082c00000, 0x0000000082b00000| Untracked 
|  44|0x0000000082c00000, 0x0000000082d00000, 0x0000000082d00000|100%| O|  |TAMS 0x0000000082d00000, 0x0000000082c00000| Untracked 
|  45|0x0000000082d00000, 0x0000000082e00000, 0x0000000082e00000|100%| O|  |TAMS 0x0000000082e00000, 0x0000000082d00000| Untracked 
|  46|0x0000000082e00000, 0x0000000082f00000, 0x0000000082f00000|100%| O|  |TAMS 0x0000000082f00000, 0x0000000082e00000| Untracked 
|  47|0x0000000082f00000, 0x0000000083000000, 0x0000000083000000|100%| O|  |TAMS 0x0000000083000000, 0x0000000082f00000| Untracked 
|  48|0x0000000083000000, 0x0000000083100000, 0x0000000083100000|100%| O|  |TAMS 0x0000000083100000, 0x0000000083000000| Untracked 
|  49|0x0000000083100000, 0x0000000083200000, 0x0000000083200000|100%| O|  |TAMS 0x0000000083200000, 0x0000000083100000| Untracked 
|  50|0x0000000083200000, 0x0000000083300000, 0x0000000083300000|100%| O|  |TAMS 0x0000000083300000, 0x0000000083200000| Untracked 
|  51|0x0000000083300000, 0x0000000083400000, 0x0000000083400000|100%| O|  |TAMS 0x0000000083400000, 0x0000000083300000| Untracked 
|  52|0x0000000083400000, 0x0000000083500000, 0x0000000083500000|100%| O|  |TAMS 0x0000000083500000, 0x0000000083400000| Untracked 
|  53|0x0000000083500000, 0x0000000083600000, 0x0000000083600000|100%| O|  |TAMS 0x0000000083600000, 0x0000000083500000| Untracked 
|  54|0x0000000083600000, 0x0000000083700000, 0x0000000083700000|100%| O|  |TAMS 0x0000000083600000, 0x0000000083600000| Untracked 
|  55|0x0000000083700000, 0x0000000083800000, 0x0000000083800000|100%| O|  |TAMS 0x0000000083800000, 0x0000000083700000| Untracked 
|  56|0x0000000083800000, 0x0000000083900000, 0x0000000083900000|100%| O|  |TAMS 0x0000000083900000, 0x0000000083800000| Untracked 
|  57|0x0000000083900000, 0x0000000083a00000, 0x0000000083a00000|100%| O|  |TAMS 0x0000000083a00000, 0x0000000083900000| Untracked 
|  58|0x0000000083a00000, 0x0000000083b00000, 0x0000000083b00000|100%| O|  |TAMS 0x0000000083b00000, 0x0000000083a00000| Untracked 
|  59|0x0000000083b00000, 0x0000000083c00000, 0x0000000083c00000|100%| O|  |TAMS 0x0000000083c00000, 0x0000000083b00000| Untracked 
|  60|0x0000000083c00000, 0x0000000083d00000, 0x0000000083d00000|100%| O|  |TAMS 0x0000000083d00000, 0x0000000083c00000| Untracked 
|  61|0x0000000083d00000, 0x0000000083e00000, 0x0000000083e00000|100%| O|  |TAMS 0x0000000083e00000, 0x0000000083d00000| Untracked 
|  62|0x0000000083e00000, 0x0000000083f00000, 0x0000000083f00000|100%| O|  |TAMS 0x0000000083f00000, 0x0000000083e00000| Untracked 
|  63|0x0000000083f00000, 0x0000000084000000, 0x0000000084000000|100%| O|  |TAMS 0x0000000084000000, 0x0000000083f00000| Untracked 
|  64|0x0000000084000000, 0x0000000084100000, 0x0000000084100000|100%| O|  |TAMS 0x0000000084100000, 0x0000000084000000| Untracked 
|  65|0x0000000084100000, 0x0000000084200000, 0x0000000084200000|100%| O|  |TAMS 0x0000000084200000, 0x0000000084100000| Untracked 
|  66|0x0000000084200000, 0x0000000084300000, 0x0000000084300000|100%| O|  |TAMS 0x0000000084300000, 0x0000000084200000| Untracked 
|  67|0x0000000084300000, 0x0000000084400000, 0x0000000084400000|100%| O|  |TAMS 0x0000000084400000, 0x0000000084300000| Untracked 
|  68|0x0000000084400000, 0x0000000084500000, 0x0000000084500000|100%| O|  |TAMS 0x00000000844f7400, 0x0000000084400000| Untracked 
|  69|0x0000000084500000, 0x0000000084600000, 0x0000000084600000|100%| O|  |TAMS 0x0000000084500000, 0x0000000084500000| Untracked 
|  70|0x0000000084600000, 0x0000000084700000, 0x0000000084700000|100%| O|  |TAMS 0x0000000084600000, 0x0000000084600000| Untracked 
|  71|0x0000000084700000, 0x0000000084800000, 0x0000000084800000|100%| O|  |TAMS 0x0000000084700000, 0x0000000084700000| Untracked 
|  72|0x0000000084800000, 0x0000000084900000, 0x0000000084900000|100%| O|  |TAMS 0x0000000084800000, 0x0000000084800000| Untracked 
|  73|0x0000000084900000, 0x0000000084a00000, 0x0000000084a00000|100%| O|  |TAMS 0x0000000084900000, 0x0000000084900000| Untracked 
|  74|0x0000000084a00000, 0x0000000084b00000, 0x0000000084b00000|100%| O|  |TAMS 0x0000000084a00000, 0x0000000084a00000| Untracked 
|  75|0x0000000084b00000, 0x0000000084c00000, 0x0000000084c00000|100%| O|  |TAMS 0x0000000084b00000, 0x0000000084b00000| Untracked 
|  76|0x0000000084c00000, 0x0000000084d00000, 0x0000000084d00000|100%| O|  |TAMS 0x0000000084c00000, 0x0000000084c00000| Untracked 
|  77|0x0000000084d00000, 0x0000000084e00000, 0x0000000084e00000|100%| O|  |TAMS 0x0000000084d00000, 0x0000000084d00000| Untracked 
|  78|0x0000000084e00000, 0x0000000084f00000, 0x0000000084f00000|100%| O|  |TAMS 0x0000000084e00000, 0x0000000084e00000| Untracked 
|  79|0x0000000084f00000, 0x0000000085000000, 0x0000000085000000|100%| O|  |TAMS 0x0000000084f00000, 0x0000000084f00000| Untracked 
|  80|0x0000000085000000, 0x0000000085041800, 0x0000000085100000| 25%| O|  |TAMS 0x0000000085000000, 0x0000000085000000| Untracked 
|  81|0x0000000085100000, 0x0000000085100000, 0x0000000085200000|  0%| F|  |TAMS 0x0000000085100000, 0x0000000085100000| Untracked 
|  82|0x0000000085200000, 0x0000000085200000, 0x0000000085300000|  0%| F|  |TAMS 0x0000000085200000, 0x0000000085200000| Untracked 
|  83|0x0000000085300000, 0x0000000085300000, 0x0000000085400000|  0%| F|  |TAMS 0x0000000085300000, 0x0000000085300000| Untracked 
|  84|0x0000000085400000, 0x0000000085400000, 0x0000000085500000|  0%| F|  |TAMS 0x0000000085400000, 0x0000000085400000| Untracked 
|  85|0x0000000085500000, 0x0000000085500000, 0x0000000085600000|  0%| F|  |TAMS 0x0000000085500000, 0x0000000085500000| Untracked 
|  86|0x0000000085600000, 0x0000000085600000, 0x0000000085700000|  0%| F|  |TAMS 0x0000000085600000, 0x0000000085600000| Untracked 
|  87|0x0000000085700000, 0x0000000085700000, 0x0000000085800000|  0%| F|  |TAMS 0x0000000085700000, 0x0000000085700000| Untracked 
|  88|0x0000000085800000, 0x0000000085800000, 0x0000000085900000|  0%| F|  |TAMS 0x0000000085800000, 0x0000000085800000| Untracked 
|  89|0x0000000085900000, 0x0000000085900000, 0x0000000085a00000|  0%| F|  |TAMS 0x0000000085900000, 0x0000000085900000| Untracked 
|  90|0x0000000085a00000, 0x0000000085a00000, 0x0000000085b00000|  0%| F|  |TAMS 0x0000000085a00000, 0x0000000085a00000| Untracked 
|  91|0x0000000085b00000, 0x0000000085b00000, 0x0000000085c00000|  0%| F|  |TAMS 0x0000000085b00000, 0x0000000085b00000| Untracked 
|  92|0x0000000085c00000, 0x0000000085c00000, 0x0000000085d00000|  0%| F|  |TAMS 0x0000000085c00000, 0x0000000085c00000| Untracked 
|  93|0x0000000085d00000, 0x0000000085d00000, 0x0000000085e00000|  0%| F|  |TAMS 0x0000000085d00000, 0x0000000085d00000| Untracked 
|  94|0x0000000085e00000, 0x0000000085e00000, 0x0000000085f00000|  0%| F|  |TAMS 0x0000000085e00000, 0x0000000085e00000| Untracked 
|  95|0x0000000085f00000, 0x0000000085f00000, 0x0000000086000000|  0%| F|  |TAMS 0x0000000085f00000, 0x0000000085f00000| Untracked 
|  96|0x0000000086000000, 0x0000000086000000, 0x0000000086100000|  0%| F|  |TAMS 0x0000000086000000, 0x0000000086000000| Untracked 
|  97|0x0000000086100000, 0x0000000086100000, 0x0000000086200000|  0%| F|  |TAMS 0x0000000086100000, 0x0000000086100000| Untracked 
|  98|0x0000000086200000, 0x0000000086200000, 0x0000000086300000|  0%| F|  |TAMS 0x0000000086200000, 0x0000000086200000| Untracked 
|  99|0x0000000086300000, 0x0000000086300000, 0x0000000086400000|  0%| F|  |TAMS 0x0000000086300000, 0x0000000086300000| Untracked 
| 100|0x0000000086400000, 0x0000000086400000, 0x0000000086500000|  0%| F|  |TAMS 0x0000000086400000, 0x0000000086400000| Untracked 
| 101|0x0000000086500000, 0x00000000865e4920, 0x0000000086600000| 89%| S|CS|TAMS 0x0000000086500000, 0x0000000086500000| Complete 
| 102|0x0000000086600000, 0x0000000086700000, 0x0000000086700000|100%| S|CS|TAMS 0x0000000086600000, 0x0000000086600000| Complete 
| 103|0x0000000086700000, 0x0000000086800000, 0x0000000086800000|100%| S|CS|TAMS 0x0000000086700000, 0x0000000086700000| Complete 
| 104|0x0000000086800000, 0x0000000086800000, 0x0000000086900000|  0%| F|  |TAMS 0x0000000086800000, 0x0000000086800000| Untracked 
| 105|0x0000000086900000, 0x0000000086900000, 0x0000000086a00000|  0%| F|  |TAMS 0x0000000086900000, 0x0000000086900000| Untracked 
| 106|0x0000000086a00000, 0x0000000086a00000, 0x0000000086b00000|  0%| F|  |TAMS 0x0000000086a00000, 0x0000000086a00000| Untracked 
| 107|0x0000000086b00000, 0x0000000086b00000, 0x0000000086c00000|  0%| F|  |TAMS 0x0000000086b00000, 0x0000000086b00000| Untracked 
| 108|0x0000000086c00000, 0x0000000086c00000, 0x0000000086d00000|  0%| F|  |TAMS 0x0000000086c00000, 0x0000000086c00000| Untracked 
| 109|0x0000000086d00000, 0x0000000086d00000, 0x0000000086e00000|  0%| F|  |TAMS 0x0000000086d00000, 0x0000000086d00000| Untracked 
| 110|0x0000000086e00000, 0x0000000086e00000, 0x0000000086f00000|  0%| F|  |TAMS 0x0000000086e00000, 0x0000000086e00000| Untracked 
| 111|0x0000000086f00000, 0x0000000086f00000, 0x0000000087000000|  0%| F|  |TAMS 0x0000000086f00000, 0x0000000086f00000| Untracked 
| 112|0x0000000087000000, 0x0000000087000000, 0x0000000087100000|  0%| F|  |TAMS 0x0000000087000000, 0x0000000087000000| Untracked 
| 113|0x0000000087100000, 0x0000000087100000, 0x0000000087200000|  0%| F|  |TAMS 0x0000000087100000, 0x0000000087100000| Untracked 
| 114|0x0000000087200000, 0x0000000087200000, 0x0000000087300000|  0%| F|  |TAMS 0x0000000087200000, 0x0000000087200000| Untracked 
| 115|0x0000000087300000, 0x0000000087300000, 0x0000000087400000|  0%| F|  |TAMS 0x0000000087300000, 0x0000000087300000| Untracked 
| 116|0x0000000087400000, 0x0000000087400000, 0x0000000087500000|  0%| F|  |TAMS 0x0000000087400000, 0x0000000087400000| Untracked 
| 117|0x0000000087500000, 0x0000000087500000, 0x0000000087600000|  0%| F|  |TAMS 0x0000000087500000, 0x0000000087500000| Untracked 
| 118|0x0000000087600000, 0x0000000087600000, 0x0000000087700000|  0%| F|  |TAMS 0x0000000087600000, 0x0000000087600000| Untracked 
| 119|0x0000000087700000, 0x0000000087700000, 0x0000000087800000|  0%| F|  |TAMS 0x0000000087700000, 0x0000000087700000| Untracked 
| 120|0x0000000087800000, 0x0000000087800000, 0x0000000087900000|  0%| F|  |TAMS 0x0000000087800000, 0x0000000087800000| Untracked 
| 121|0x0000000087900000, 0x0000000087900000, 0x0000000087a00000|  0%| F|  |TAMS 0x0000000087900000, 0x0000000087900000| Untracked 
| 206|0x000000008ce00000, 0x000000008ce00000, 0x000000008cf00000|  0%| F|  |TAMS 0x000000008ce00000, 0x000000008ce00000| Untracked 
| 207|0x000000008cf00000, 0x000000008cf00000, 0x000000008d000000|  0%| F|  |TAMS 0x000000008cf00000, 0x000000008cf00000| Untracked 
| 208|0x000000008d000000, 0x000000008d000000, 0x000000008d100000|  0%| F|  |TAMS 0x000000008d000000, 0x000000008d000000| Untracked 
| 209|0x000000008d100000, 0x000000008d100000, 0x000000008d200000|  0%| F|  |TAMS 0x000000008d100000, 0x000000008d100000| Untracked 
| 210|0x000000008d200000, 0x000000008d200000, 0x000000008d300000|  0%| F|  |TAMS 0x000000008d200000, 0x000000008d200000| Untracked 
| 211|0x000000008d300000, 0x000000008d300000, 0x000000008d400000|  0%| F|  |TAMS 0x000000008d300000, 0x000000008d300000| Untracked 
| 212|0x000000008d400000, 0x000000008d400000, 0x000000008d500000|  0%| F|  |TAMS 0x000000008d400000, 0x000000008d400000| Untracked 
| 213|0x000000008d500000, 0x000000008d500000, 0x000000008d600000|  0%| F|  |TAMS 0x000000008d500000, 0x000000008d500000| Untracked 
| 214|0x000000008d600000, 0x000000008d600000, 0x000000008d700000|  0%| F|  |TAMS 0x000000008d600000, 0x000000008d600000| Untracked 
| 255|0x000000008ff00000, 0x000000008ff00000, 0x0000000090000000|  0%| F|  |TAMS 0x000000008ff00000, 0x000000008ff00000| Untracked 

Card table byte_map: [0x000001759b9c0000,0x000001759bdc0000] _byte_map_base: 0x000001759b5c0000

Marking Bits (Prev, Next): (CMBitMap*) 0x0000017588c065b0, (CMBitMap*) 0x0000017588c065f0
 Prev Bits: [0x000001759c1c0000, 0x000001759e1c0000)
 Next Bits: [0x000001759e1c0000, 0x00000175a01c0000)

Polling page: 0x0000017586b40000

Metaspace:

Usage:
  Non-class:     75.73 MB used.
      Class:     12.07 MB used.
       Both:     87.81 MB used.

Virtual space:
  Non-class space:       80.00 MB reserved,      76.06 MB ( 95%) committed,  10 nodes.
      Class space:        1.00 GB reserved,      12.38 MB (  1%) committed,  1 nodes.
             Both:        1.08 GB reserved,      88.44 MB (  8%) committed. 

Chunk freelists:
   Non-Class:  3.56 MB
       Class:  3.58 MB
        Both:  7.14 MB

MaxMetaspaceSize: unlimited
CompressedClassSpaceSize: 1.00 GB
Initial GC threshold: 21.00 MB
Current GC threshold: 144.00 MB
CDS: off
MetaspaceReclaimPolicy: balanced
 - commit_granule_bytes: 65536.
 - commit_granule_words: 8192.
 - virtual_space_node_default_size: 1048576.
 - enlarge_chunks_in_place: 1.
 - new_chunks_are_fully_committed: 0.
 - uncommit_free_chunks: 1.
 - use_allocation_guard: 0.
 - handle_deallocations: 1.


Internal statistics:

num_allocs_failed_limit: 9.
num_arena_births: 870.
num_arena_deaths: 0.
num_vsnodes_births: 11.
num_vsnodes_deaths: 0.
num_space_committed: 1415.
num_space_uncommitted: 0.
num_chunks_returned_to_freelist: 9.
num_chunks_taken_from_freelist: 4020.
num_chunk_merges: 9.
num_chunk_splits: 2620.
num_chunks_enlarged: 1718.
num_purges: 0.
num_inconsistent_stats: 0.

CodeHeap 'non-profiled nmethods': size=120000Kb used=5063Kb max_used=5735Kb free=114936Kb
 bounds [0x0000017593b40000, 0x00000175940e0000, 0x000001759b070000]
CodeHeap 'profiled nmethods': size=120000Kb used=16340Kb max_used=17633Kb free=103659Kb
 bounds [0x000001758c070000, 0x000001758d1b0000, 0x00000175935a0000]
CodeHeap 'non-nmethods': size=5760Kb used=2404Kb max_used=2486Kb free=3355Kb
 bounds [0x00000175935a0000, 0x0000017593820000, 0x0000017593b40000]
 total_blobs=9401 nmethods=8462 adapters=851
 compilation: enabled
              stopped_count=0, restarted_count=0
 full_count=0

Compilation events (20 events):
Event: 12.009 Thread 0x00000175ae9b80d0 nmethod 9723 0x0000017593c35610 code [0x0000017593c35780, 0x0000017593c35838]
Event: 12.009 Thread 0x00000175ae9b80d0 9811       4       com.google.common.cache.LocalCache$Segment::getFirst (21 bytes)
Event: 12.009 Thread 0x00000175a38cf6d0 nmethod 9835 0x000001758c882210 code [0x000001758c882460, 0x000001758c882e58]
Event: 12.009 Thread 0x00000175a38cf6d0 9825       3       org.gradle.internal.resources.AbstractResourceLockRegistry::lockReleased (51 bytes)
Event: 12.009 Thread 0x00000175a38cf6d0 nmethod 9825 0x000001758c6fda10 code [0x000001758c6fdc00, 0x000001758c6fe198]
Event: 12.009 Thread 0x00000175a38cf6d0 9826       3       org.gradle.internal.resources.DefaultResourceLockCoordinationService$DefaultResourceLockState::registerUnlocked (53 bytes)
Event: 12.010 Thread 0x00000175a38cf6d0 nmethod 9826 0x000001758c094f10 code [0x000001758c095120, 0x000001758c095938]
Event: 12.010 Thread 0x00000175ae9b80d0 nmethod 9811 0x0000017593d63f90 code [0x0000017593d64120, 0x0000017593d64238]
Event: 12.010 Thread 0x00000175a38cf6d0 9838       3       com.google.common.collect.ImmutableMultimap$EntryCollection::size (8 bytes)
Event: 12.010 Thread 0x00000175ae9b80d0 9779       4       org.gradle.cache.internal.btree.CachingBlockStore::read (56 bytes)
Event: 12.010 Thread 0x00000175a38cf6d0 nmethod 9838 0x000001758c184110 code [0x000001758c1842a0, 0x000001758c184458]
Event: 12.010 Thread 0x00000175a38cf6d0 9839       3       org.gradle.internal.snapshot.AbstractIncompleteFileSystemNode::hasDescendants (13 bytes)
Event: 12.010 Thread 0x00000175a737ca30 nmethod 9786 0x0000017593e04210 code [0x0000017593e04460, 0x0000017593e051d0]
Event: 12.010 Thread 0x00000175a38cf6d0 nmethod 9839 0x000001758c1bd090 code [0x000001758c1bd2c0, 0x000001758c1bdb78]
Event: 12.010 Thread 0x00000175a737ca30 9821       4       java.lang.StringLatin1::toChars (16 bytes)
Event: 12.011 Thread 0x00000175a38cf6d0 9840       3       org.gradle.internal.snapshot.SingletonChildMap::withReplacedChild (43 bytes)
Event: 12.011 Thread 0x00000175a737ca30 nmethod 9821 0x00000175940af310 code [0x00000175940af4a0, 0x00000175940af658]
Event: 12.011 Thread 0x00000175a737ca30 9781       4       org.gradle.internal.hash.HashCode$HashCode128::hashCode (6 bytes)
Event: 12.011 Thread 0x00000175a38cf6d0 nmethod 9840 0x000001758c09a990 code [0x000001758c09ab80, 0x000001758c09af88]
Event: 12.011 Thread 0x00000175a737ca30 nmethod 9781 0x0000017593dc6590 code [0x0000017593dc6700, 0x0000017593dc6778]

GC Heap History (20 events):
Event: 9.582 GC heap after
{Heap after GC invocations=23 (full 0):
 garbage-first heap   total 112640K, used 61657K [0x0000000080000000, 0x0000000100000000)
  region size 1024K, 3 young (3072K), 3 survivors (3072K)
 Metaspace       used 72728K, committed 73280K, reserved 1114112K
  class space    used 9596K, committed 9856K, reserved 1048576K
}
Event: 9.728 GC heap before
{Heap before GC invocations=23 (full 0):
 garbage-first heap   total 112640K, used 74969K [0x0000000080000000, 0x0000000100000000)
  region size 1024K, 17 young (17408K), 3 survivors (3072K)
 Metaspace       used 74216K, committed 74752K, reserved 1114112K
  class space    used 9808K, committed 10048K, reserved 1048576K
}
Event: 9.730 GC heap after
{Heap after GC invocations=24 (full 0):
 garbage-first heap   total 112640K, used 62722K [0x0000000080000000, 0x0000000100000000)
  region size 1024K, 2 young (2048K), 2 survivors (2048K)
 Metaspace       used 74216K, committed 74752K, reserved 1114112K
  class space    used 9808K, committed 10048K, reserved 1048576K
}
Event: 10.072 GC heap before
{Heap before GC invocations=25 (full 0):
 garbage-first heap   total 112640K, used 92418K [0x0000000080000000, 0x0000000100000000)
  region size 1024K, 30 young (30720K), 2 survivors (2048K)
 Metaspace       used 77836K, committed 78400K, reserved 1122304K
  class space    used 10494K, committed 10752K, reserved 1048576K
}
Event: 10.074 GC heap after
{Heap after GC invocations=26 (full 0):
 garbage-first heap   total 135168K, used 63755K [0x0000000080000000, 0x0000000100000000)
  region size 1024K, 3 young (3072K), 3 survivors (3072K)
 Metaspace       used 77836K, committed 78400K, reserved 1122304K
  class space    used 10494K, committed 10752K, reserved 1048576K
}
Event: 10.108 GC heap before
{Heap before GC invocations=26 (full 0):
 garbage-first heap   total 135168K, used 66827K [0x0000000080000000, 0x0000000100000000)
  region size 1024K, 6 young (6144K), 3 survivors (3072K)
 Metaspace       used 78152K, committed 78656K, reserved 1122304K
  class space    used 10532K, committed 10752K, reserved 1048576K
}
Event: 10.110 GC heap after
{Heap after GC invocations=27 (full 0):
 garbage-first heap   total 135168K, used 63458K [0x0000000080000000, 0x0000000100000000)
  region size 1024K, 1 young (1024K), 1 survivors (1024K)
 Metaspace       used 78152K, committed 78656K, reserved 1122304K
  class space    used 10532K, committed 10752K, reserved 1048576K
}
Event: 10.594 GC heap before
{Heap before GC invocations=27 (full 0):
 garbage-first heap   total 135168K, used 107490K [0x0000000080000000, 0x0000000100000000)
  region size 1024K, 44 young (45056K), 1 survivors (1024K)
 Metaspace       used 82392K, committed 82944K, reserved 1122304K
  class space    used 11149K, committed 11392K, reserved 1048576K
}
Event: 10.596 GC heap after
{Heap after GC invocations=28 (full 0):
 garbage-first heap   total 135168K, used 66477K [0x0000000080000000, 0x0000000100000000)
  region size 1024K, 4 young (4096K), 4 survivors (4096K)
 Metaspace       used 82392K, committed 82944K, reserved 1122304K
  class space    used 11149K, committed 11392K, reserved 1048576K
}
Event: 11.020 GC heap before
{Heap before GC invocations=29 (full 0):
 garbage-first heap   total 135168K, used 108461K [0x0000000080000000, 0x0000000100000000)
  region size 1024K, 45 young (46080K), 4 survivors (4096K)
 Metaspace       used 86985K, committed 87552K, reserved 1130496K
  class space    used 11812K, committed 12096K, reserved 1048576K
}
Event: 11.024 GC heap after
{Heap after GC invocations=30 (full 0):
 garbage-first heap   total 135168K, used 70194K [0x0000000080000000, 0x0000000100000000)
  region size 1024K, 4 young (4096K), 4 survivors (4096K)
 Metaspace       used 86985K, committed 87552K, reserved 1130496K
  class space    used 11812K, committed 12096K, reserved 1048576K
}
Event: 11.044 GC heap before
{Heap before GC invocations=30 (full 0):
 garbage-first heap   total 135168K, used 72242K [0x0000000080000000, 0x0000000100000000)
  region size 1024K, 6 young (6144K), 4 survivors (4096K)
 Metaspace       used 87175K, committed 87744K, reserved 1130496K
  class space    used 11832K, committed 12096K, reserved 1048576K
}
Event: 11.046 GC heap after
{Heap after GC invocations=31 (full 0):
 garbage-first heap   total 135168K, used 70299K [0x0000000080000000, 0x0000000100000000)
  region size 1024K, 1 young (1024K), 1 survivors (1024K)
 Metaspace       used 87175K, committed 87744K, reserved 1130496K
  class space    used 11832K, committed 12096K, reserved 1048576K
}
Event: 11.239 GC heap before
{Heap before GC invocations=31 (full 0):
 garbage-first heap   total 135168K, used 110235K [0x0000000080000000, 0x0000000100000000)
  region size 1024K, 40 young (40960K), 1 survivors (1024K)
 Metaspace       used 87438K, committed 88000K, reserved 1130496K
  class space    used 11868K, committed 12096K, reserved 1048576K
}
Event: 11.243 GC heap after
{Heap after GC invocations=32 (full 0):
 garbage-first heap   total 135168K, used 76636K [0x0000000080000000, 0x0000000100000000)
  region size 1024K, 5 young (5120K), 5 survivors (5120K)
 Metaspace       used 87438K, committed 88000K, reserved 1130496K
  class space    used 11868K, committed 12096K, reserved 1048576K
}
Event: 11.898 GC heap before
{Heap before GC invocations=33 (full 0):
 garbage-first heap   total 135168K, used 108380K [0x0000000080000000, 0x0000000100000000)
  region size 1024K, 37 young (37888K), 5 survivors (5120K)
 Metaspace       used 89775K, committed 90432K, reserved 1130496K
  class space    used 12358K, committed 12672K, reserved 1048576K
}
Event: 11.903 GC heap after
{Heap after GC invocations=34 (full 0):
 garbage-first heap   total 135168K, used 81588K [0x0000000080000000, 0x0000000100000000)
  region size 1024K, 5 young (5120K), 5 survivors (5120K)
 Metaspace       used 89775K, committed 90432K, reserved 1130496K
  class space    used 12358K, committed 12672K, reserved 1048576K
}
Event: 11.906 GC heap before
{Heap before GC invocations=34 (full 0):
 garbage-first heap   total 135168K, used 81588K [0x0000000080000000, 0x0000000100000000)
  region size 1024K, 6 young (6144K), 5 survivors (5120K)
 Metaspace       used 89780K, committed 90496K, reserved 1130496K
  class space    used 12359K, committed 12672K, reserved 1048576K
}
Event: 11.909 GC heap after
{Heap after GC invocations=35 (full 0):
 garbage-first heap   total 135168K, used 81992K [0x0000000080000000, 0x0000000100000000)
  region size 1024K, 1 young (1024K), 1 survivors (1024K)
 Metaspace       used 89780K, committed 90496K, reserved 1130496K
  class space    used 12359K, committed 12672K, reserved 1048576K
}
Event: 12.012 GC heap before
{Heap before GC invocations=35 (full 0):
 garbage-first heap   total 135168K, used 108616K [0x0000000080000000, 0x0000000100000000)
  region size 1024K, 28 young (28672K), 1 survivors (1024K)
 Metaspace       used 89913K, committed 90560K, reserved 1130496K
  class space    used 12361K, committed 12672K, reserved 1048576K
}

Dll operation events (2 events):
Event: 0.082 Loaded shared library D:\programs\Android Studio\jbr\bin\java.dll
Event: 0.364 Loaded shared library D:\programs\Android Studio\jbr\bin\verify.dll

Deoptimization events (20 events):
Event: 11.930 Thread 0x00000175a4b69c40 Uncommon trap: trap_request=0xffffffde fr.pc=0x0000017593cfdce0 relative=0x00000000000002a0
Event: 11.930 Thread 0x00000175a4b69c40 Uncommon trap: reason=class_check action=maybe_recompile pc=0x0000017593cfdce0 method=java.util.concurrent.ConcurrentHashMap.get(Ljava/lang/Object;)Ljava/lang/Object; @ 93 c2
Event: 11.930 Thread 0x00000175a4b68900 Uncommon trap: trap_request=0xffffffde fr.pc=0x0000017593cfdce0 relative=0x00000000000002a0
Event: 11.930 Thread 0x00000175a4b69c40 DEOPT PACKING pc=0x0000017593cfdce0 sp=0x00000032ddbfdf60
Event: 11.930 Thread 0x00000175a4b69c40 DEOPT UNPACKING pc=0x00000175935f69a3 sp=0x00000032ddbfdec8 mode 2
Event: 11.930 Thread 0x00000175a4b68900 Uncommon trap: reason=class_check action=maybe_recompile pc=0x0000017593cfdce0 method=java.util.concurrent.ConcurrentHashMap.get(Ljava/lang/Object;)Ljava/lang/Object; @ 93 c2
Event: 11.930 Thread 0x00000175a4b68900 DEOPT PACKING pc=0x0000017593cfdce0 sp=0x00000032de1fded0
Event: 11.930 Thread 0x00000175a4b68900 DEOPT UNPACKING pc=0x00000175935f69a3 sp=0x00000032de1fde38 mode 2
Event: 11.952 Thread 0x00000175a8d712a0 Uncommon trap: trap_request=0xffffff45 fr.pc=0x00000175940b42e4 relative=0x0000000000000164
Event: 11.952 Thread 0x00000175a8d712a0 Uncommon trap: reason=unstable_if action=reinterpret pc=0x00000175940b42e4 method=java.util.concurrent.locks.ReentrantLock$Sync.tryLock()Z @ 34 c2
Event: 11.952 Thread 0x00000175a8d712a0 DEOPT PACKING pc=0x00000175940b42e4 sp=0x00000032e2bfe4a0
Event: 11.952 Thread 0x00000175a8d712a0 DEOPT UNPACKING pc=0x00000175935f69a3 sp=0x00000032e2bfe450 mode 2
Event: 11.953 Thread 0x00000175a73656b0 DEOPT PACKING pc=0x000001758ca41097 sp=0x00000032e1efb490
Event: 11.953 Thread 0x00000175a73656b0 DEOPT UNPACKING pc=0x00000175935f7143 sp=0x00000032e1efa958 mode 0
Event: 11.963 Thread 0x00000175a65f1920 DEOPT PACKING pc=0x000001758c5a2aa0 sp=0x00000032dabfe220
Event: 11.963 Thread 0x00000175a65f1920 DEOPT UNPACKING pc=0x00000175935f7143 sp=0x00000032dabfd6e0 mode 0
Event: 11.978 Thread 0x00000175a65f1920 DEOPT PACKING pc=0x000001758c5a2aa0 sp=0x00000032dabfe220
Event: 11.978 Thread 0x00000175a65f1920 DEOPT UNPACKING pc=0x00000175935f7143 sp=0x00000032dabfd6e0 mode 0
Event: 11.996 Thread 0x00000175a65f1920 DEOPT PACKING pc=0x000001758c5a2aa0 sp=0x00000032dabfe220
Event: 11.996 Thread 0x00000175a65f1920 DEOPT UNPACKING pc=0x00000175935f7143 sp=0x00000032dabfd6e0 mode 0

Classes unloaded (0 events):
No events

Classes redefined (0 events):
No events

Internal exceptions (20 events):
Event: 11.407 Thread 0x00000175a8d73920 Exception <a 'java/lang/NoSuchMethodError'{0x000000008792e188}: static Lcom/android/buildanalyzer/common/AndroidGradlePluginAttributionData$BuildInfo;.<clinit>()V> (0x000000008792e188) 
thrown [s\src\hotspot\share\prims\jni.cpp, line 1108]
Event: 11.409 Thread 0x00000175a8d73920 Exception <a 'java/lang/NoSuchMethodError'{0x0000000087956218}: static Lcom/android/buildanalyzer/common/AndroidGradlePluginAttributionData$JavaInfo;.<clinit>()V> (0x0000000087956218) 
thrown [s\src\hotspot\share\prims\jni.cpp, line 1108]
Event: 11.411 Thread 0x00000175a8d73920 Exception <a 'java/lang/NoSuchMethodError'{0x00000000879a2cd0}: static [Ljava/lang/String;.<clinit>()V> (0x00000000879a2cd0) 
thrown [s\src\hotspot\share\prims\jni.cpp, line 1108]
Event: 11.413 Thread 0x00000175a8d73920 Exception <a 'java/lang/NoSuchMethodError'{0x00000000879b1e60}: static Lcom/android/buildanalyzer/common/AndroidGradlePluginAttributionData$TaskInfo;.<clinit>()V> (0x00000000879b1e60) 
thrown [s\src\hotspot\share\prims\jni.cpp, line 1108]
Event: 11.413 Thread 0x00000175a8d73920 Exception <a 'java/lang/NoSuchMethodError'{0x00000000879c0108}: static Lcom/android/buildanalyzer/common/AndroidGradlePluginAttributionData$TaskCategoryInfo;.<clinit>()V> (0x00000000879c0108) 
thrown [s\src\hotspot\share\prims\jni.cpp, line 1108]
Event: 11.418 Thread 0x00000175a8d73920 Exception <a 'java/lang/NoSuchMethodError'{0x000000008782a6b8}: 'void java.lang.invoke.DirectMethodHandle$Holder.invokeSpecial(java.lang.Object, java.lang.Object, java.lang.Object, int)'> (0x000000008782a6b8) 
thrown [s\src\hotspot\share\interpreter\linkResolver.cpp, line 771]
Event: 11.813 Thread 0x00000175adf2f810 Exception <a 'java/lang/NoSuchMethodError'{0x00000000873c7158}: 'void java.lang.invoke.DirectMethodHandle$Holder.invokeStatic(java.lang.Object, java.lang.Object, java.lang.Object, java.lang.Object, int, java.lang.Object, java.lang.Object)'> (0x00000000873c7158) 
thrown [s\src\hotspot\share\interpreter\linkResolver.cpp, line 771]
Event: 11.827 Thread 0x00000175a4b67f60 Exception <a 'java/lang/NoSuchMethodError'{0x0000000086e049b8}: 'java.lang.Object java.lang.invoke.DirectMethodHandle$Holder.invokeSpecialIFC(java.lang.Object, java.lang.Object, java.lang.Object)'> (0x0000000086e049b8) 
thrown [s\src\hotspot\share\interpreter\linkResolver.cpp, line 771]
Event: 11.827 Thread 0x00000175a73669f0 Exception <a 'java/lang/NoSuchMethodError'{0x0000000086f8b968}: 'java.lang.Object java.lang.invoke.DirectMethodHandle$Holder.invokeSpecialIFC(java.lang.Object, java.lang.Object, java.lang.Object)'> (0x0000000086f8b968) 
thrown [s\src\hotspot\share\interpreter\linkResolver.cpp, line 771]
Event: 11.827 Thread 0x00000175a7365b80 Exception <a 'java/lang/NoSuchMethodError'{0x0000000086e355c8}: 'java.lang.Object java.lang.invoke.DirectMethodHandle$Holder.invokeSpecialIFC(java.lang.Object, java.lang.Object, java.lang.Object)'> (0x0000000086e355c8) 
thrown [s\src\hotspot\share\interpreter\linkResolver.cpp, line 771]
Event: 11.827 Thread 0x00000175ab046490 Exception <a 'java/lang/NoSuchMethodError'{0x0000000086e21130}: 'java.lang.Object java.lang.invoke.DirectMethodHandle$Holder.invokeSpecialIFC(java.lang.Object, java.lang.Object, java.lang.Object)'> (0x0000000086e21130) 
thrown [s\src\hotspot\share\interpreter\linkResolver.cpp, line 771]
Event: 11.827 Thread 0x00000175a736bbc0 Exception <a 'java/lang/NoSuchMethodError'{0x0000000086ffd3b8}: 'java.lang.Object java.lang.invoke.DirectMethodHandle$Holder.invokeSpecialIFC(java.lang.Object, java.lang.Object, java.lang.Object)'> (0x0000000086ffd3b8) 
thrown [s\src\hotspot\share\interpreter\linkResolver.cpp, line 771]
Event: 11.827 Thread 0x00000175a7369ee0 Exception <a 'java/lang/NoSuchMethodError'{0x0000000086e0ee20}: 'java.lang.Object java.lang.invoke.DirectMethodHandle$Holder.invokeSpecialIFC(java.lang.Object, java.lang.Object, java.lang.Object)'> (0x0000000086e0ee20) 
thrown [s\src\hotspot\share\interpreter\linkResolver.cpp, line 771]
Event: 11.827 Thread 0x00000175a73651e0 Exception <a 'java/lang/NoSuchMethodError'{0x0000000086f528f0}: 'java.lang.Object java.lang.invoke.DirectMethodHandle$Holder.invokeSpecialIFC(java.lang.Object, java.lang.Object, java.lang.Object)'> (0x0000000086f528f0) 
thrown [s\src\hotspot\share\interpreter\linkResolver.cpp, line 771]
Event: 11.827 Thread 0x00000175adf2f810 Exception <a 'java/lang/NoSuchMethodError'{0x0000000086f65610}: 'java.lang.Object java.lang.invoke.DirectMethodHandle$Holder.invokeSpecialIFC(java.lang.Object, java.lang.Object, java.lang.Object)'> (0x0000000086f65610) 
thrown [s\src\hotspot\share\interpreter\linkResolver.cpp, line 771]
Event: 11.827 Thread 0x00000175a736c560 Exception <a 'java/lang/NoSuchMethodError'{0x0000000086f9c938}: 'java.lang.Object java.lang.invoke.DirectMethodHandle$Holder.invokeSpecialIFC(java.lang.Object, java.lang.Object, java.lang.Object)'> (0x0000000086f9c938) 
thrown [s\src\hotspot\share\interpreter\linkResolver.cpp, line 771]
Event: 11.827 Thread 0x00000175a7367390 Exception <a 'java/lang/NoSuchMethodError'{0x0000000086f95dd0}: 'java.lang.Object java.lang.invoke.DirectMethodHandle$Holder.invokeSpecialIFC(java.lang.Object, java.lang.Object, java.lang.Object)'> (0x0000000086f95dd0) 
thrown [s\src\hotspot\share\interpreter\linkResolver.cpp, line 771]
Event: 11.827 Thread 0x00000175a73656b0 Exception <a 'java/lang/NoSuchMethodError'{0x0000000086e1adc8}: 'java.lang.Object java.lang.invoke.DirectMethodHandle$Holder.invokeSpecialIFC(java.lang.Object, java.lang.Object, java.lang.Object)'> (0x0000000086e1adc8) 
thrown [s\src\hotspot\share\interpreter\linkResolver.cpp, line 771]
Event: 11.905 Thread 0x00000175a4b670f0 Implicit null exception at 0x00000175940af4db to 0x00000175940af564
Event: 11.952 Thread 0x00000175a8d712a0 Exception <a 'java/lang/NoSuchMethodError'{0x000000008d5dc3d8}: 'void java.lang.invoke.DirectMethodHandle$Holder.invokeVirtual(java.lang.Object, java.lang.Object)'> (0x000000008d5dc3d8) 
thrown [s\src\hotspot\share\interpreter\linkResolver.cpp, line 771]

VM Operations (20 events):
Event: 11.300 Executing VM operation: HandshakeAllThreads done
Event: 11.371 Executing VM operation: HandshakeAllThreads
Event: 11.372 Executing VM operation: HandshakeAllThreads done
Event: 11.391 Executing VM operation: HandshakeAllThreads
Event: 11.391 Executing VM operation: HandshakeAllThreads done
Event: 11.739 Executing VM operation: ICBufferFull
Event: 11.739 Executing VM operation: ICBufferFull done
Event: 11.898 Executing VM operation: G1CollectForAllocation
Event: 11.903 Executing VM operation: G1CollectForAllocation done
Event: 11.906 Executing VM operation: G1CollectForAllocation
Event: 11.909 Executing VM operation: G1CollectForAllocation done
Event: 11.950 Executing VM operation: HandshakeAllThreads
Event: 11.950 Executing VM operation: HandshakeAllThreads done
Event: 11.965 Executing VM operation: ICBufferFull
Event: 11.965 Executing VM operation: ICBufferFull done
Event: 11.974 Executing VM operation: HandshakeAllThreads
Event: 11.974 Executing VM operation: HandshakeAllThreads done
Event: 12.004 Executing VM operation: HandshakeAllThreads
Event: 12.005 Executing VM operation: HandshakeAllThreads done
Event: 12.012 Executing VM operation: G1CollectForAllocation

Events (20 events):
Event: 12.011 Thread 0x00000175a38d0fe0 flushing nmethod 0x000001758c5a7f10
Event: 12.011 Thread 0x00000175a38d0fe0 flushing nmethod 0x000001758c5a9410
Event: 12.011 Thread 0x00000175a38d0fe0 flushing nmethod 0x000001758c5b9e10
Event: 12.011 Thread 0x00000175a38d0fe0 flushing nmethod 0x000001758c5bba90
Event: 12.011 Thread 0x00000175a38d0fe0 flushing nmethod 0x000001758c5c1790
Event: 12.011 Thread 0x00000175a38d0fe0 flushing nmethod 0x000001758c5c4c90
Event: 12.011 Thread 0x00000175a38d0fe0 flushing nmethod 0x000001758c5c6b10
Event: 12.011 Thread 0x00000175a38d0fe0 flushing nmethod 0x000001758c5d2490
Event: 12.011 Thread 0x00000175a38d0fe0 flushing nmethod 0x000001758c5d6c10
Event: 12.011 Thread 0x00000175a38d0fe0 flushing nmethod 0x000001758c5de490
Event: 12.011 Thread 0x00000175a38d0fe0 flushing nmethod 0x000001758c5e1f90
Event: 12.011 Thread 0x00000175a38d0fe0 flushing nmethod 0x000001758c5e4590
Event: 12.011 Thread 0x00000175a38d0fe0 flushing nmethod 0x000001758c5e7090
Event: 12.011 Thread 0x00000175a38d0fe0 flushing nmethod 0x000001758c5ef910
Event: 12.011 Thread 0x00000175a38d0fe0 flushing nmethod 0x000001758c5efc90
Event: 12.011 Thread 0x00000175a38d0fe0 flushing nmethod 0x000001758c5f7e10
Event: 12.011 Thread 0x00000175a38d0fe0 flushing nmethod 0x000001758c62a410
Event: 12.012 Thread 0x00000175a38d0fe0 flushing nmethod 0x000001758c631c90
Event: 12.012 Thread 0x00000175a38d0fe0 flushing nmethod 0x000001758c658690
Event: 12.012 Thread 0x00000175a38d0fe0 flushing nmethod 0x000001758c65c590


Dynamic libraries:
0x00007ff610ed0000 - 0x00007ff610eda000 	D:\programs\Android Studio\jbr\bin\java.exe
0x00007ffcb0610000 - 0x00007ffcb0824000 	C:\Windows\SYSTEM32\ntdll.dll
0x00007ffcae820000 - 0x00007ffcae8e4000 	C:\Windows\System32\KERNEL32.DLL
0x00007ffcae020000 - 0x00007ffcae3c4000 	C:\Windows\System32\KERNELBASE.dll
0x00007ffcadb60000 - 0x00007ffcadc71000 	C:\Windows\System32\ucrtbase.dll
0x00007ffc85550000 - 0x00007ffc85567000 	D:\programs\Android Studio\jbr\bin\jli.dll
0x00007ffcaf0b0000 - 0x00007ffcaf25a000 	C:\Windows\System32\USER32.dll
0x00007ffc92110000 - 0x00007ffc9239f000 	C:\Windows\WinSxS\amd64_microsoft.windows.common-controls_6595b64144ccf1df_6.0.22621.2070_none_2713e6537381f706\COMCTL32.dll
0x00007ffcadff0000 - 0x00007ffcae016000 	C:\Windows\System32\win32u.dll
0x00007ffcaea30000 - 0x00007ffcaea59000 	C:\Windows\System32\GDI32.dll
0x00007ffcadc80000 - 0x00007ffcadd99000 	C:\Windows\System32\gdi32full.dll
0x00007ffcade60000 - 0x00007ffcadefa000 	C:\Windows\System32\msvcp_win.dll
0x00007ffcae980000 - 0x00007ffcaea27000 	C:\Windows\System32\msvcrt.dll
0x00007ffc844b0000 - 0x00007ffc844cb000 	D:\programs\Android Studio\jbr\bin\VCRUNTIME140.dll
0x00007ffcb0570000 - 0x00007ffcb05a1000 	C:\Windows\System32\IMM32.DLL
0x00007ffc87cb0000 - 0x00007ffc87cbc000 	D:\programs\Android Studio\jbr\bin\vcruntime140_1.dll
0x00007ffc62590000 - 0x00007ffc6261d000 	D:\programs\Android Studio\jbr\bin\msvcp140.dll
0x00007ffc3d560000 - 0x00007ffc3e1ce000 	D:\programs\Android Studio\jbr\bin\server\jvm.dll
0x00007ffcaf260000 - 0x00007ffcaf310000 	C:\Windows\System32\ADVAPI32.dll
0x00007ffcae770000 - 0x00007ffcae816000 	C:\Windows\System32\sechost.dll
0x00007ffcaf310000 - 0x00007ffcaf427000 	C:\Windows\System32\RPCRT4.dll
0x00007ffca16d0000 - 0x00007ffca1704000 	C:\Windows\SYSTEM32\WINMM.dll
0x00007ffca7fa0000 - 0x00007ffca7faa000 	C:\Windows\SYSTEM32\VERSION.dll
0x00007ffc99730000 - 0x00007ffc99739000 	C:\Windows\SYSTEM32\WSOCK32.dll
0x00007ffcaea60000 - 0x00007ffcaead1000 	C:\Windows\System32\WS2_32.dll
0x00007ffcac9e0000 - 0x00007ffcac9f8000 	C:\Windows\SYSTEM32\kernel.appcore.dll
0x00007ffc95b10000 - 0x00007ffc95b1a000 	D:\programs\Android Studio\jbr\bin\jimage.dll
0x00007ffca0110000 - 0x00007ffca033e000 	C:\Windows\SYSTEM32\DBGHELP.DLL
0x00007ffcaed10000 - 0x00007ffcaf09a000 	C:\Windows\System32\combase.dll
0x00007ffcae690000 - 0x00007ffcae767000 	C:\Windows\System32\OLEAUT32.dll
0x00007ffc82c90000 - 0x00007ffc82cc2000 	C:\Windows\SYSTEM32\dbgcore.DLL
0x00007ffcadf00000 - 0x00007ffcadf7a000 	C:\Windows\System32\bcryptPrimitives.dll
0x00007ffc85910000 - 0x00007ffc85935000 	D:\programs\Android Studio\jbr\bin\java.dll
0x00007ffc87200000 - 0x00007ffc87218000 	D:\programs\Android Studio\jbr\bin\zip.dll
0x00007ffcaf710000 - 0x00007ffcaff26000 	C:\Windows\System32\SHELL32.dll
0x00007ffcab9c0000 - 0x00007ffcac2aa000 	C:\Windows\SYSTEM32\windows.storage.dll
0x00007ffcab880000 - 0x00007ffcab9be000 	C:\Windows\SYSTEM32\wintypes.dll
0x00007ffcaf530000 - 0x00007ffcaf623000 	C:\Windows\System32\SHCORE.dll
0x00007ffcaf4d0000 - 0x00007ffcaf52e000 	C:\Windows\System32\shlwapi.dll
0x00007ffcad920000 - 0x00007ffcad946000 	C:\Windows\SYSTEM32\profapi.dll
0x00007ffc858f0000 - 0x00007ffc85909000 	D:\programs\Android Studio\jbr\bin\net.dll
0x00007ffca8100000 - 0x00007ffca8237000 	C:\Windows\SYSTEM32\WINHTTP.dll
0x00007ffcacf20000 - 0x00007ffcacf89000 	C:\Windows\system32\mswsock.dll
0x00007ffc85570000 - 0x00007ffc85586000 	D:\programs\Android Studio\jbr\bin\nio.dll
0x00007ffc946d0000 - 0x00007ffc946e0000 	D:\programs\Android Studio\jbr\bin\verify.dll
0x00007ffc84cb0000 - 0x00007ffc84cd7000 	C:\Users\Admin\.gradle\native\68d5fa5c4cc2d200863cafc0d521ce42e7d3e7ee720ec0a83991735586a16f82\windows-amd64\native-platform.dll
0x00007ffc4c650000 - 0x00007ffc4c794000 	C:\Users\Admin\.gradle\native\e376f236ea51e6404a007f0833ffe2c6e607c4080706a723a18a27aeea778392\windows-amd64\native-platform-file-events.dll
0x00007ffc93e10000 - 0x00007ffc93e19000 	D:\programs\Android Studio\jbr\bin\management.dll
0x00007ffc913a0000 - 0x00007ffc913ab000 	D:\programs\Android Studio\jbr\bin\management_ext.dll
0x00007ffcaf0a0000 - 0x00007ffcaf0a8000 	C:\Windows\System32\PSAPI.DLL
0x00007ffcad1f0000 - 0x00007ffcad20b000 	C:\Windows\SYSTEM32\CRYPTSP.dll
0x00007ffcac9a0000 - 0x00007ffcac9d5000 	C:\Windows\system32\rsaenh.dll
0x00007ffcad040000 - 0x00007ffcad06c000 	C:\Windows\SYSTEM32\USERENV.dll
0x00007ffcad390000 - 0x00007ffcad3b8000 	C:\Windows\SYSTEM32\bcrypt.dll
0x00007ffcad210000 - 0x00007ffcad21c000 	C:\Windows\SYSTEM32\CRYPTBASE.dll
0x00007ffcac510000 - 0x00007ffcac53d000 	C:\Windows\SYSTEM32\IPHLPAPI.DLL
0x00007ffcaf430000 - 0x00007ffcaf439000 	C:\Windows\System32\NSI.dll
0x00007ffca8080000 - 0x00007ffca8099000 	C:\Windows\SYSTEM32\dhcpcsvc6.DLL
0x00007ffca8060000 - 0x00007ffca807f000 	C:\Windows\SYSTEM32\dhcpcsvc.DLL
0x00007ffcac580000 - 0x00007ffcac673000 	C:\Windows\SYSTEM32\DNSAPI.dll
0x00007ffc91330000 - 0x00007ffc91338000 	C:\Windows\system32\wshunix.dll
0x00007ffca4d10000 - 0x00007ffca4d1a000 	C:\Windows\System32\rasadhlp.dll
0x00007ffca7a90000 - 0x00007ffca7b14000 	C:\Windows\System32\fwpuclnt.dll

dbghelp: loaded successfully - version: 4.0.5 - missing functions: none
symbol engine: initialized successfully - sym options: 0x614 - pdb path: .;D:\programs\Android Studio\jbr\bin;C:\Windows\SYSTEM32;C:\Windows\WinSxS\amd64_microsoft.windows.common-controls_6595b64144ccf1df_6.0.22621.2070_none_2713e6537381f706;D:\programs\Android Studio\jbr\bin\server;C:\Users\Admin\.gradle\native\68d5fa5c4cc2d200863cafc0d521ce42e7d3e7ee720ec0a83991735586a16f82\windows-amd64;C:\Users\Admin\.gradle\native\e376f236ea51e6404a007f0833ffe2c6e607c4080706a723a18a27aeea778392\windows-amd64

VM Arguments:
jvm_args: --add-opens=java.base/java.util=ALL-UNNAMED --add-opens=java.base/java.lang=ALL-UNNAMED --add-opens=java.base/java.lang.invoke=ALL-UNNAMED --add-opens=java.prefs/java.util.prefs=ALL-UNNAMED --add-opens=java.base/java.nio.charset=ALL-UNNAMED --add-opens=java.base/java.net=ALL-UNNAMED --add-opens=java.base/java.util.concurrent.atomic=ALL-UNNAMED -Xmx2048m -Dfile.encoding=UTF-8 -Duser.country=US -Duser.language=en -Duser.variant 
java_command: org.gradle.launcher.daemon.bootstrap.GradleDaemon 8.0
java_class_path (initial): C:\Users\Admin\.gradle\wrapper\dists\gradle-8.0-bin\ca5e32bp14vu59qr306oxotwh\gradle-8.0\lib\gradle-launcher-8.0.jar
Launcher Type: SUN_STANDARD

[Global flags]
     intx CICompilerCount                          = 4                                         {product} {ergonomic}
     uint ConcGCThreads                            = 3                                         {product} {ergonomic}
     uint G1ConcRefinementThreads                  = 10                                        {product} {ergonomic}
   size_t G1HeapRegionSize                         = 1048576                                   {product} {ergonomic}
    uintx GCDrainStackTargetSize                   = 64                                        {product} {ergonomic}
   size_t InitialHeapSize                          = 268435456                                 {product} {ergonomic}
   size_t MarkStackSize                            = 4194304                                   {product} {ergonomic}
   size_t MaxHeapSize                              = 2147483648                                {product} {command line}
   size_t MaxNewSize                               = 1287651328                                {product} {ergonomic}
   size_t MinHeapDeltaBytes                        = 1048576                                   {product} {ergonomic}
   size_t MinHeapSize                              = 8388608                                   {product} {ergonomic}
    uintx NonNMethodCodeHeapSize                   = 5839372                                {pd product} {ergonomic}
    uintx NonProfiledCodeHeapSize                  = 122909434                              {pd product} {ergonomic}
    uintx ProfiledCodeHeapSize                     = 122909434                              {pd product} {ergonomic}
    uintx ReservedCodeCacheSize                    = 251658240                              {pd product} {ergonomic}
     bool SegmentedCodeCache                       = true                                      {product} {ergonomic}
   size_t SoftMaxHeapSize                          = 2147483648                             {manageable} {ergonomic}
     bool UseCompressedClassPointers               = true                           {product lp64_product} {ergonomic}
     bool UseCompressedOops                        = true                           {product lp64_product} {ergonomic}
     bool UseG1GC                                  = true                                      {product} {ergonomic}
     bool UseLargePagesIndividualAllocation        = false                                  {pd product} {ergonomic}

Logging:
Log output configuration:
 #0: stdout all=warning uptime,level,tags
 #1: stderr all=off uptime,level,tags

Environment Variables:
PATH=C:\Program Files\Common Files\Oracle\Java\javapath;C:\Windows\system32;C:\Windows;C:\Windows\System32\Wbem;C:\Windows\System32\WindowsPowerShell\v1.0\;C:\Windows\System32\OpenSSH\;C:\Program Files\NVIDIA Corporation\NVIDIA NvDLISR;C:\Program Files (x86)\NVIDIA Corporation\PhysX\Common;C:\Program Files (x86)\Windows Kits\10\Windows Performance Toolkit\;C:\Program Files\Git\cmd;C:\Users\Admin\AppData\Local\Microsoft\WindowsApps;D:\programs\Microsoft VS Code\bin;C:\Users\Admin\AppData\Local\GitHubDesktop\bin
USERNAME=Admin
OS=Windows_NT
PROCESSOR_IDENTIFIER=AMD64 Family 23 Model 113 Stepping 0, AuthenticAMD
TMP=C:\Users\Admin\AppData\Local\Temp
TEMP=C:\Users\Admin\AppData\Local\Temp


JNI global refs:
JNI global refs: 28, weak refs: 0

JNI global refs memory usage: 843, weak refs: 841


---------------  S Y S T E M  ---------------

OS:
 Windows 11 , 64 bit Build 22621 (10.0.22621.2070)
OS uptime: 0 days 0:53 hours

CPU: total 12 (initial active 12) (12 cores per cpu, 2 threads per core) family 23 model 113 stepping 0 microcode 0x0, cx8, cmov, fxsr, ht, mmx, 3dnowpref, sse, sse2, sse3, ssse3, sse4a, sse4.1, sse4.2, popcnt, lzcnt, tsc, tscinvbit, avx, avx2, aes, clmul, bmi1, bmi2, adx, sha, fma, vzeroupper, clflush, clflushopt

Memory: 4k page, system-wide physical 16296M (1808M free)
TotalPageFile size 18343M (AvailPageFile size 66M)
current process WorkingSet (physical memory assigned to process): 417M, peak: 420M
current process commit charge ("private bytes"): 454M, peak: 538M

vm_info: OpenJDK 64-Bit Server VM (17.0.6+0-b2043.56-10027231) for windows-amd64 JRE (17.0.6+0-b2043.56-10027231), built on Apr 28 2023 00:43:19 by "androidbuild" with MS VC++ 16.10 / 16.11 (VS2019)

END.
